[0.013s] Invoking command in '/home/xmj/ws01_plumbing/build/cpp01_topic': CMAKE_PREFIX_PATH=/home/xmj/ws01_plumbing/install/base_interfaces_demo:/home/xmj/ws01_plumbing/install/cpp01_topic:/opt/ros/humble LD_LIBRARY_PATH=/home/xmj/ws01_plumbing/install/base_interfaces_demo/lib:/opt/ros/humble/opt/rviz_ogre_vendor/lib:/opt/ros/humble/lib/x86_64-linux-gnu:/opt/ros/humble/lib:/usr/lib/x86_64-linux-gnu/gazebo-11/plugins:/usr/lib/x86_64-linux-gnu/gazebo-11/plugins:/usr/lib/x86_64-linux-gnu/gazebo-11/plugins /usr/bin/cmake --build /home/xmj/ws01_plumbing/build/cpp01_topic -- -j8 -l8
[0.037s] -- Found ament_cmake: 1.3.8 (/opt/ros/humble/share/ament_cmake/cmake)
[0.157s] -- Found rclcpp: 16.0.8 (/opt/ros/humble/share/rclcpp/cmake)
[0.183s] -- Found rosidl_generator_c: 3.1.5 (/opt/ros/humble/share/rosidl_generator_c/cmake)
[0.186s] -- Found rosidl_adapter: 3.1.5 (/opt/ros/humble/share/rosidl_adapter/cmake)
[0.191s] -- Found rosidl_generator_cpp: 3.1.5 (/opt/ros/humble/share/rosidl_generator_cpp/cmake)
[0.201s] -- Using all available rosidl_typesupport_c: rosidl_typesupport_fastrtps_c;rosidl_typesupport_introspection_c
[0.214s] -- Using all available rosidl_typesupport_cpp: rosidl_typesupport_fastrtps_cpp;rosidl_typesupport_introspection_cpp
[0.268s] -- Found rmw_implementation_cmake: 6.1.1 (/opt/ros/humble/share/rmw_implementation_cmake/cmake)
[0.270s] -- Found rmw_fastrtps_cpp: 6.2.6 (/opt/ros/humble/share/rmw_fastrtps_cpp/cmake)
[0.396s] -- Using RMW implementation 'rmw_fastrtps_cpp' as default
[0.544s] -- Found base_interfaces_demo: 0.0.0 (/home/xmj/ws01_plumbing/install/base_interfaces_demo/share/base_interfaces_demo/cmake)
[0.667s] -- Found ament_lint_auto: 0.12.10 (/opt/ros/humble/share/ament_lint_auto/cmake)
[0.731s] -- Added test 'cppcheck' to perform static code analysis on C / C++ code
[0.731s] -- Configured cppcheck include dirs: $<BUILD_INTERFACE:/home/xmj/ws01_plumbing/src/cpp01_topic/include>
[0.731s] -- Configured cppcheck exclude dirs and/or files: 
[0.733s] -- Added test 'lint_cmake' to check CMake code style
[0.733s] -- Added test 'uncrustify' to check C / C++ code style
[0.733s] -- Configured uncrustify additional arguments: 
[0.734s] -- Added test 'xmllint' to check XML markup files
[0.735s] -- Configuring done
[0.753s] -- Generating done
[0.755s] -- Build files have been written to: /home/xmj/ws01_plumbing/build/cpp01_topic
[0.779s] [35m[1mConsolidate compiler generated dependencies of target demo02_listener_str[0m
[0.779s] [35m[1mConsolidate compiler generated dependencies of target demo01_talker_str[0m
[0.779s] [35m[1mConsolidate compiler generated dependencies of target demo04_listener_stu[0m
[0.779s] [35m[1mConsolidate compiler generated dependencies of target demo03_talker_stu[0m
[0.797s] [ 25%] Built target demo02_listener_str
[0.798s] [ 50%] Built target demo01_talker_str
[0.799s] [ 75%] Built target demo03_talker_stu
[0.799s] [ 87%] [32mBuilding CXX object CMakeFiles/demo04_listener_stu.dir/src/demo04_listener_stu.cpp.o[0m
[8.579s] [100%] [32m[1mLinking CXX executable demo04_listener_stu[0m
[9.015s] [100%] Built target demo04_listener_stu
[9.026s] Invoked command in '/home/xmj/ws01_plumbing/build/cpp01_topic' returned '0': CMAKE_PREFIX_PATH=/home/xmj/ws01_plumbing/install/base_interfaces_demo:/home/xmj/ws01_plumbing/install/cpp01_topic:/opt/ros/humble LD_LIBRARY_PATH=/home/xmj/ws01_plumbing/install/base_interfaces_demo/lib:/opt/ros/humble/opt/rviz_ogre_vendor/lib:/opt/ros/humble/lib/x86_64-linux-gnu:/opt/ros/humble/lib:/usr/lib/x86_64-linux-gnu/gazebo-11/plugins:/usr/lib/x86_64-linux-gnu/gazebo-11/plugins:/usr/lib/x86_64-linux-gnu/gazebo-11/plugins /usr/bin/cmake --build /home/xmj/ws01_plumbing/build/cpp01_topic -- -j8 -l8
[9.073s] Invoking command in '/home/xmj/ws01_plumbing/build/cpp01_topic': CMAKE_PREFIX_PATH=/home/xmj/ws01_plumbing/install/base_interfaces_demo:/home/xmj/ws01_plumbing/install/cpp01_topic:/opt/ros/humble LD_LIBRARY_PATH=/home/xmj/ws01_plumbing/install/base_interfaces_demo/lib:/opt/ros/humble/opt/rviz_ogre_vendor/lib:/opt/ros/humble/lib/x86_64-linux-gnu:/opt/ros/humble/lib:/usr/lib/x86_64-linux-gnu/gazebo-11/plugins:/usr/lib/x86_64-linux-gnu/gazebo-11/plugins:/usr/lib/x86_64-linux-gnu/gazebo-11/plugins /usr/bin/cmake --install /home/xmj/ws01_plumbing/build/cpp01_topic
[9.080s] -- Install configuration: ""
[9.080s] -- Up-to-date: /home/xmj/ws01_plumbing/install/cpp01_topic/lib/cpp01_topic/demo01_talker_str
[9.080s] -- Up-to-date: /home/xmj/ws01_plumbing/install/cpp01_topic/lib/cpp01_topic/demo02_listener_str
[9.080s] -- Up-to-date: /home/xmj/ws01_plumbing/install/cpp01_topic/lib/cpp01_topic/demo03_talker_stu
[9.080s] -- Installing: /home/xmj/ws01_plumbing/install/cpp01_topic/lib/cpp01_topic/demo04_listener_stu
[9.084s] -- Set runtime path of "/home/xmj/ws01_plumbing/install/cpp01_topic/lib/cpp01_topic/demo04_listener_stu" to ""
[9.084s] -- Up-to-date: /home/xmj/ws01_plumbing/install/cpp01_topic/share/ament_index/resource_index/package_run_dependencies/cpp01_topic
[9.084s] -- Installing: /home/xmj/ws01_plumbing/install/cpp01_topic/share/ament_index/resource_index/parent_prefix_path/cpp01_topic
[9.084s] -- Up-to-date: /home/xmj/ws01_plumbing/install/cpp01_topic/share/cpp01_topic/environment/ament_prefix_path.sh
[9.084s] -- Installing: /home/xmj/ws01_plumbing/install/cpp01_topic/share/cpp01_topic/environment/ament_prefix_path.dsv
[9.084s] -- Up-to-date: /home/xmj/ws01_plumbing/install/cpp01_topic/share/cpp01_topic/environment/path.sh
[9.084s] -- Installing: /home/xmj/ws01_plumbing/install/cpp01_topic/share/cpp01_topic/environment/path.dsv
[9.085s] -- Up-to-date: /home/xmj/ws01_plumbing/install/cpp01_topic/share/cpp01_topic/local_setup.bash
[9.085s] -- Up-to-date: /home/xmj/ws01_plumbing/install/cpp01_topic/share/cpp01_topic/local_setup.sh
[9.085s] -- Up-to-date: /home/xmj/ws01_plumbing/install/cpp01_topic/share/cpp01_topic/local_setup.zsh
[9.085s] -- Installing: /home/xmj/ws01_plumbing/install/cpp01_topic/share/cpp01_topic/local_setup.dsv
[9.085s] -- Installing: /home/xmj/ws01_plumbing/install/cpp01_topic/share/cpp01_topic/package.dsv
[9.085s] -- Up-to-date: /home/xmj/ws01_plumbing/install/cpp01_topic/share/ament_index/resource_index/packages/cpp01_topic
[9.085s] -- Up-to-date: /home/xmj/ws01_plumbing/install/cpp01_topic/share/cpp01_topic/cmake/cpp01_topicConfig.cmake
[9.085s] -- Up-to-date: /home/xmj/ws01_plumbing/install/cpp01_topic/share/cpp01_topic/cmake/cpp01_topicConfig-version.cmake
[9.085s] -- Up-to-date: /home/xmj/ws01_plumbing/install/cpp01_topic/share/cpp01_topic/package.xml
[9.086s] Invoked command in '/home/xmj/ws01_plumbing/build/cpp01_topic' returned '0': CMAKE_PREFIX_PATH=/home/xmj/ws01_plumbing/install/base_interfaces_demo:/home/xmj/ws01_plumbing/install/cpp01_topic:/opt/ros/humble LD_LIBRARY_PATH=/home/xmj/ws01_plumbing/install/base_interfaces_demo/lib:/opt/ros/humble/opt/rviz_ogre_vendor/lib:/opt/ros/humble/lib/x86_64-linux-gnu:/opt/ros/humble/lib:/usr/lib/x86_64-linux-gnu/gazebo-11/plugins:/usr/lib/x86_64-linux-gnu/gazebo-11/plugins:/usr/lib/x86_64-linux-gnu/gazebo-11/plugins /usr/bin/cmake --install /home/xmj/ws01_plumbing/build/cpp01_topic
