[0.012s] Invoking command in '/home/xmj/ws01_plumbing/build/cpp01_topic': AMENT_PREFIX_PATH=/home/xmj/ws01_plumbing/install/base_interfaces_demo:${AMENT_PREFIX_PATH} CMAKE_PREFIX_PATH=/home/xmj/ws01_plumbing/install/base_interfaces_demo:/opt/ros/humble LD_LIBRARY_PATH=/home/xmj/ws01_plumbing/install/base_interfaces_demo/lib:/opt/ros/humble/opt/rviz_ogre_vendor/lib:/opt/ros/humble/lib/x86_64-linux-gnu:/opt/ros/humble/lib:/usr/lib/x86_64-linux-gnu/gazebo-11/plugins:/usr/lib/x86_64-linux-gnu/gazebo-11/plugins:/usr/lib/x86_64-linux-gnu/gazebo-11/plugins PYTHONPATH=/home/xmj/ws01_plumbing/install/base_interfaces_demo/local/lib/python3.10/dist-packages:${PYTHONPATH} /usr/bin/cmake /home/xmj/ws01_plumbing/src/cpp01_topic -DCMAKE_INSTALL_PREFIX=/home/xmj/ws01_plumbing/install/cpp01_topic
[0.058s] -- The C compiler identification is GNU 11.4.0
[0.105s] -- The CXX compiler identification is GNU 11.4.0
[0.113s] -- Detecting C compiler ABI info
[0.171s] -- Detecting C compiler ABI info - done
[0.177s] -- Check for working C compiler: /usr/bin/cc - skipped
[0.177s] -- Detecting C compile features
[0.178s] -- Detecting C compile features - done
[0.181s] -- Detecting CXX compiler ABI info
[0.252s] -- Detecting CXX compiler ABI info - done
[0.258s] -- Check for working CXX compiler: /usr/bin/c++ - skipped
[0.259s] -- Detecting CXX compile features
[0.259s] -- Detecting CXX compile features - done
[0.261s] -- Found ament_cmake: 1.3.8 (/opt/ros/humble/share/ament_cmake/cmake)
[0.398s] -- Found Python3: /usr/bin/python3 (found version "3.10.12") found components: Interpreter 
[0.491s] -- Found rclcpp: 16.0.8 (/opt/ros/humble/share/rclcpp/cmake)
[0.536s] -- Found rosidl_generator_c: 3.1.5 (/opt/ros/humble/share/rosidl_generator_c/cmake)
[0.540s] -- Found rosidl_adapter: 3.1.5 (/opt/ros/humble/share/rosidl_adapter/cmake)
[0.548s] -- Found rosidl_generator_cpp: 3.1.5 (/opt/ros/humble/share/rosidl_generator_cpp/cmake)
[0.559s] -- Using all available rosidl_typesupport_c: rosidl_typesupport_fastrtps_c;rosidl_typesupport_introspection_c
[0.575s] -- Using all available rosidl_typesupport_cpp: rosidl_typesupport_fastrtps_cpp;rosidl_typesupport_introspection_cpp
[0.649s] -- Found rmw_implementation_cmake: 6.1.1 (/opt/ros/humble/share/rmw_implementation_cmake/cmake)
[0.652s] -- Found rmw_fastrtps_cpp: 6.2.6 (/opt/ros/humble/share/rmw_fastrtps_cpp/cmake)
[0.750s] -- Found OpenSSL: /usr/lib/x86_64-linux-gnu/libcrypto.so (found version "3.0.2")  
[0.773s] -- Found FastRTPS: /opt/ros/humble/include  
[0.813s] -- Using RMW implementation 'rmw_fastrtps_cpp' as default
[0.825s] -- Looking for pthread.h
[0.891s] -- Looking for pthread.h - found
[0.891s] -- Performing Test CMAKE_HAVE_LIBC_PTHREAD
[0.976s] -- Performing Test CMAKE_HAVE_LIBC_PTHREAD - Success
[0.977s] -- Found Threads: TRUE  
[1.126s] -- Found base_interfaces_demo: 0.0.0 (/home/xmj/ws01_plumbing/install/base_interfaces_demo/share/base_interfaces_demo/cmake)
[1.247s] -- Found ament_lint_auto: 0.12.10 (/opt/ros/humble/share/ament_lint_auto/cmake)
[1.327s] -- Added test 'cppcheck' to perform static code analysis on C / C++ code
[1.327s] -- Configured cppcheck include dirs: $<BUILD_INTERFACE:/home/xmj/ws01_plumbing/src/cpp01_topic/include>
[1.327s] -- Configured cppcheck exclude dirs and/or files: 
[1.328s] -- Added test 'lint_cmake' to check CMake code style
[1.329s] -- Added test 'uncrustify' to check C / C++ code style
[1.330s] -- Configured uncrustify additional arguments: 
[1.330s] -- Added test 'xmllint' to check XML markup files
[1.331s] -- Configuring done
[1.354s] -- Generating done
[1.355s] -- Build files have been written to: /home/xmj/ws01_plumbing/build/cpp01_topic
[1.363s] Invoked command in '/home/xmj/ws01_plumbing/build/cpp01_topic' returned '0': AMENT_PREFIX_PATH=/home/xmj/ws01_plumbing/install/base_interfaces_demo:${AMENT_PREFIX_PATH} CMAKE_PREFIX_PATH=/home/xmj/ws01_plumbing/install/base_interfaces_demo:/opt/ros/humble LD_LIBRARY_PATH=/home/xmj/ws01_plumbing/install/base_interfaces_demo/lib:/opt/ros/humble/opt/rviz_ogre_vendor/lib:/opt/ros/humble/lib/x86_64-linux-gnu:/opt/ros/humble/lib:/usr/lib/x86_64-linux-gnu/gazebo-11/plugins:/usr/lib/x86_64-linux-gnu/gazebo-11/plugins:/usr/lib/x86_64-linux-gnu/gazebo-11/plugins PYTHONPATH=/home/xmj/ws01_plumbing/install/base_interfaces_demo/local/lib/python3.10/dist-packages:${PYTHONPATH} /usr/bin/cmake /home/xmj/ws01_plumbing/src/cpp01_topic -DCMAKE_INSTALL_PREFIX=/home/xmj/ws01_plumbing/install/cpp01_topic
[1.365s] Invoking command in '/home/xmj/ws01_plumbing/build/cpp01_topic': AMENT_PREFIX_PATH=/home/xmj/ws01_plumbing/install/base_interfaces_demo:${AMENT_PREFIX_PATH} CMAKE_PREFIX_PATH=/home/xmj/ws01_plumbing/install/base_interfaces_demo:/opt/ros/humble LD_LIBRARY_PATH=/home/xmj/ws01_plumbing/install/base_interfaces_demo/lib:/opt/ros/humble/opt/rviz_ogre_vendor/lib:/opt/ros/humble/lib/x86_64-linux-gnu:/opt/ros/humble/lib:/usr/lib/x86_64-linux-gnu/gazebo-11/plugins:/usr/lib/x86_64-linux-gnu/gazebo-11/plugins:/usr/lib/x86_64-linux-gnu/gazebo-11/plugins PYTHONPATH=/home/xmj/ws01_plumbing/install/base_interfaces_demo/local/lib/python3.10/dist-packages:${PYTHONPATH} /usr/bin/cmake --build /home/xmj/ws01_plumbing/build/cpp01_topic -- -j8 -l8
[1.406s] [  8%] [32mBuilding CXX object CMakeFiles/demo04_listener_stu.dir/src/demo04_listener_stu.cpp.o[0m
[1.408s] [ 16%] [32mBuilding CXX object CMakeFiles/demo01_talker_str.dir/src/demo01_talker_str.cpp.o[0m
[1.410s] [ 25%] [32mBuilding CXX object CMakeFiles/demo03_talker_stu.dir/src/demo03_talker_stu.cpp.o[0m
[1.411s] [ 41%] [32mBuilding CXX object CMakeFiles/xue_pub_str.dir/src/xue_pub_str.cpp.o[0m
[1.412s] [ 41%] [32mBuilding CXX object CMakeFiles/demo02_listener_str.dir/src/demo02_listener_str.cpp.o[0m
[1.413s] [ 50%] [32mBuilding CXX object CMakeFiles/xue_sub_str.dir/src/xue_sub_str.cpp.o[0m
[6.833s] [ 58%] [32m[1mLinking CXX executable demo03_talker_stu[0m
[6.895s] [ 66%] [32m[1mLinking CXX executable demo01_talker_str[0m
[7.298s] [ 66%] Built target demo03_talker_stu
[7.302s] [ 66%] Built target demo01_talker_str
[8.504s] [ 75%] [32m[1mLinking CXX executable xue_pub_str[0m
[8.754s] [ 75%] Built target xue_pub_str
[12.207s] [ 83%] [32m[1mLinking CXX executable xue_sub_str[0m
[12.233s] [ 91%] [32m[1mLinking CXX executable demo02_listener_str[0m
[12.315s] [100%] [32m[1mLinking CXX executable demo04_listener_stu[0m
[12.814s] [100%] Built target xue_sub_str
[12.854s] [100%] Built target demo02_listener_str
[12.909s] [100%] Built target demo04_listener_stu
[12.918s] Invoked command in '/home/xmj/ws01_plumbing/build/cpp01_topic' returned '0': AMENT_PREFIX_PATH=/home/xmj/ws01_plumbing/install/base_interfaces_demo:${AMENT_PREFIX_PATH} CMAKE_PREFIX_PATH=/home/xmj/ws01_plumbing/install/base_interfaces_demo:/opt/ros/humble LD_LIBRARY_PATH=/home/xmj/ws01_plumbing/install/base_interfaces_demo/lib:/opt/ros/humble/opt/rviz_ogre_vendor/lib:/opt/ros/humble/lib/x86_64-linux-gnu:/opt/ros/humble/lib:/usr/lib/x86_64-linux-gnu/gazebo-11/plugins:/usr/lib/x86_64-linux-gnu/gazebo-11/plugins:/usr/lib/x86_64-linux-gnu/gazebo-11/plugins PYTHONPATH=/home/xmj/ws01_plumbing/install/base_interfaces_demo/local/lib/python3.10/dist-packages:${PYTHONPATH} /usr/bin/cmake --build /home/xmj/ws01_plumbing/build/cpp01_topic -- -j8 -l8
[12.963s] Invoking command in '/home/xmj/ws01_plumbing/build/cpp01_topic': AMENT_PREFIX_PATH=/home/xmj/ws01_plumbing/install/base_interfaces_demo:${AMENT_PREFIX_PATH} CMAKE_PREFIX_PATH=/home/xmj/ws01_plumbing/install/base_interfaces_demo:/opt/ros/humble LD_LIBRARY_PATH=/home/xmj/ws01_plumbing/install/base_interfaces_demo/lib:/opt/ros/humble/opt/rviz_ogre_vendor/lib:/opt/ros/humble/lib/x86_64-linux-gnu:/opt/ros/humble/lib:/usr/lib/x86_64-linux-gnu/gazebo-11/plugins:/usr/lib/x86_64-linux-gnu/gazebo-11/plugins:/usr/lib/x86_64-linux-gnu/gazebo-11/plugins PYTHONPATH=/home/xmj/ws01_plumbing/install/base_interfaces_demo/local/lib/python3.10/dist-packages:${PYTHONPATH} /usr/bin/cmake --install /home/xmj/ws01_plumbing/build/cpp01_topic
[12.970s] -- Install configuration: ""
[12.970s] -- Installing: /home/xmj/ws01_plumbing/install/cpp01_topic/lib/cpp01_topic/demo01_talker_str
[12.971s] -- Set runtime path of "/home/xmj/ws01_plumbing/install/cpp01_topic/lib/cpp01_topic/demo01_talker_str" to ""
[12.971s] -- Installing: /home/xmj/ws01_plumbing/install/cpp01_topic/lib/cpp01_topic/demo02_listener_str
[12.973s] -- Set runtime path of "/home/xmj/ws01_plumbing/install/cpp01_topic/lib/cpp01_topic/demo02_listener_str" to ""
[12.974s] -- Installing: /home/xmj/ws01_plumbing/install/cpp01_topic/lib/cpp01_topic/demo03_talker_stu
[12.974s] -- Set runtime path of "/home/xmj/ws01_plumbing/install/cpp01_topic/lib/cpp01_topic/demo03_talker_stu" to ""
[12.974s] -- Installing: /home/xmj/ws01_plumbing/install/cpp01_topic/lib/cpp01_topic/demo04_listener_stu
[12.977s] -- Set runtime path of "/home/xmj/ws01_plumbing/install/cpp01_topic/lib/cpp01_topic/demo04_listener_stu" to ""
[12.977s] -- Installing: /home/xmj/ws01_plumbing/install/cpp01_topic/lib/cpp01_topic/xue_pub_str
[12.978s] -- Set runtime path of "/home/xmj/ws01_plumbing/install/cpp01_topic/lib/cpp01_topic/xue_pub_str" to ""
[12.979s] -- Installing: /home/xmj/ws01_plumbing/install/cpp01_topic/lib/cpp01_topic/xue_sub_str
[12.981s] -- Set runtime path of "/home/xmj/ws01_plumbing/install/cpp01_topic/lib/cpp01_topic/xue_sub_str" to ""
[12.982s] -- Installing: /home/xmj/ws01_plumbing/install/cpp01_topic/share/ament_index/resource_index/package_run_dependencies/cpp01_topic
[12.982s] -- Installing: /home/xmj/ws01_plumbing/install/cpp01_topic/share/ament_index/resource_index/parent_prefix_path/cpp01_topic
[12.982s] -- Installing: /home/xmj/ws01_plumbing/install/cpp01_topic/share/cpp01_topic/environment/ament_prefix_path.sh
[12.982s] -- Installing: /home/xmj/ws01_plumbing/install/cpp01_topic/share/cpp01_topic/environment/ament_prefix_path.dsv
[12.982s] -- Installing: /home/xmj/ws01_plumbing/install/cpp01_topic/share/cpp01_topic/environment/path.sh
[12.982s] -- Installing: /home/xmj/ws01_plumbing/install/cpp01_topic/share/cpp01_topic/environment/path.dsv
[12.982s] -- Installing: /home/xmj/ws01_plumbing/install/cpp01_topic/share/cpp01_topic/local_setup.bash
[12.982s] -- Installing: /home/xmj/ws01_plumbing/install/cpp01_topic/share/cpp01_topic/local_setup.sh
[12.983s] -- Installing: /home/xmj/ws01_plumbing/install/cpp01_topic/share/cpp01_topic/local_setup.zsh
[12.983s] -- Installing: /home/xmj/ws01_plumbing/install/cpp01_topic/share/cpp01_topic/local_setup.dsv
[12.983s] -- Installing: /home/xmj/ws01_plumbing/install/cpp01_topic/share/cpp01_topic/package.dsv
[12.983s] -- Installing: /home/xmj/ws01_plumbing/install/cpp01_topic/share/ament_index/resource_index/packages/cpp01_topic
[12.983s] -- Installing: /home/xmj/ws01_plumbing/install/cpp01_topic/share/cpp01_topic/cmake/cpp01_topicConfig.cmake
[12.983s] -- Installing: /home/xmj/ws01_plumbing/install/cpp01_topic/share/cpp01_topic/cmake/cpp01_topicConfig-version.cmake
[12.983s] -- Installing: /home/xmj/ws01_plumbing/install/cpp01_topic/share/cpp01_topic/package.xml
[12.985s] Invoked command in '/home/xmj/ws01_plumbing/build/cpp01_topic' returned '0': AMENT_PREFIX_PATH=/home/xmj/ws01_plumbing/install/base_interfaces_demo:${AMENT_PREFIX_PATH} CMAKE_PREFIX_PATH=/home/xmj/ws01_plumbing/install/base_interfaces_demo:/opt/ros/humble LD_LIBRARY_PATH=/home/xmj/ws01_plumbing/install/base_interfaces_demo/lib:/opt/ros/humble/opt/rviz_ogre_vendor/lib:/opt/ros/humble/lib/x86_64-linux-gnu:/opt/ros/humble/lib:/usr/lib/x86_64-linux-gnu/gazebo-11/plugins:/usr/lib/x86_64-linux-gnu/gazebo-11/plugins:/usr/lib/x86_64-linux-gnu/gazebo-11/plugins PYTHONPATH=/home/xmj/ws01_plumbing/install/base_interfaces_demo/local/lib/python3.10/dist-packages:${PYTHONPATH} /usr/bin/cmake --install /home/xmj/ws01_plumbing/build/cpp01_topic
