[0.031s] Invoking command in '/home/xmj/xiaomi_ws/build/xiaomi': CMAKE_PREFIX_PATH=/home/xmj/xiaomi_ws/install/xiaomi_interfaces:/home/xmj/xiaomi_ws/install/xiaomi:/home/xmj/xiaomi_ws/install/fdilink_ahrs:/opt/ros/humble LD_LIBRARY_PATH=/home/xmj/xiaomi_ws/install/xiaomi_interfaces/lib:/opt/ros/humble/opt/rviz_ogre_vendor/lib:/opt/ros/humble/lib/x86_64-linux-gnu:/opt/ros/humble/lib:/usr/lib/x86_64-linux-gnu/gazebo-11/plugins:/usr/lib/x86_64-linux-gnu/gazebo-11/plugins:/usr/lib/x86_64-linux-gnu/gazebo-11/plugins /usr/bin/cmake --build /home/xmj/xiaomi_ws/build/xiaomi -- -j8 -l8
[0.150s] [35m[1mConsolidate compiler generated dependencies of target xiaomi_use[0m
[0.174s] [ 20%] Built target xiaomi_sub
[0.188s] [ 46%] Built target xiaomi_msg_sub
[0.188s] [ 40%] [32mBuilding CXX object CMakeFiles/xiaomi_use.dir/src/xiaomi_use.cpp.o[0m
[0.198s] [ 66%] Built target xiaomi_able
[0.203s] [ 86%] Built target xiaomi_msg_pub
[6.750s] [ 93%] [32m[1mLinking CXX executable xiaomi_use[0m
[7.030s] [100%] Built target xiaomi_use
[7.044s] Invoked command in '/home/xmj/xiaomi_ws/build/xiaomi' returned '0': CMAKE_PREFIX_PATH=/home/xmj/xiaomi_ws/install/xiaomi_interfaces:/home/xmj/xiaomi_ws/install/xiaomi:/home/xmj/xiaomi_ws/install/fdilink_ahrs:/opt/ros/humble LD_LIBRARY_PATH=/home/xmj/xiaomi_ws/install/xiaomi_interfaces/lib:/opt/ros/humble/opt/rviz_ogre_vendor/lib:/opt/ros/humble/lib/x86_64-linux-gnu:/opt/ros/humble/lib:/usr/lib/x86_64-linux-gnu/gazebo-11/plugins:/usr/lib/x86_64-linux-gnu/gazebo-11/plugins:/usr/lib/x86_64-linux-gnu/gazebo-11/plugins /usr/bin/cmake --build /home/xmj/xiaomi_ws/build/xiaomi -- -j8 -l8
[7.102s] Invoking command in '/home/xmj/xiaomi_ws/build/xiaomi': CMAKE_PREFIX_PATH=/home/xmj/xiaomi_ws/install/xiaomi_interfaces:/home/xmj/xiaomi_ws/install/xiaomi:/home/xmj/xiaomi_ws/install/fdilink_ahrs:/opt/ros/humble LD_LIBRARY_PATH=/home/xmj/xiaomi_ws/install/xiaomi_interfaces/lib:/opt/ros/humble/opt/rviz_ogre_vendor/lib:/opt/ros/humble/lib/x86_64-linux-gnu:/opt/ros/humble/lib:/usr/lib/x86_64-linux-gnu/gazebo-11/plugins:/usr/lib/x86_64-linux-gnu/gazebo-11/plugins:/usr/lib/x86_64-linux-gnu/gazebo-11/plugins /usr/bin/cmake --install /home/xmj/xiaomi_ws/build/xiaomi
[7.111s] -- Install configuration: ""
[7.111s] -- Up-to-date: /home/xmj/xiaomi_ws/install/xiaomi/lib/xiaomi/xiaomi_able
[7.112s] -- Up-to-date: /home/xmj/xiaomi_ws/install/xiaomi/share/ament_index/resource_index/package_run_dependencies/xiaomi
[7.112s] -- Up-to-date: /home/xmj/xiaomi_ws/install/xiaomi/share/ament_index/resource_index/parent_prefix_path/xiaomi
[7.112s] -- Up-to-date: /home/xmj/xiaomi_ws/install/xiaomi/share/xiaomi/environment/ament_prefix_path.sh
[7.112s] -- Up-to-date: /home/xmj/xiaomi_ws/install/xiaomi/share/xiaomi/environment/ament_prefix_path.dsv
[7.112s] -- Up-to-date: /home/xmj/xiaomi_ws/install/xiaomi/share/xiaomi/environment/path.sh
[7.112s] -- Up-to-date: /home/xmj/xiaomi_ws/install/xiaomi/share/xiaomi/environment/path.dsv
[7.112s] -- Up-to-date: /home/xmj/xiaomi_ws/install/xiaomi/share/xiaomi/local_setup.bash
[7.112s] -- Up-to-date: /home/xmj/xiaomi_ws/install/xiaomi/share/xiaomi/local_setup.sh
[7.112s] -- Up-to-date: /home/xmj/xiaomi_ws/install/xiaomi/share/xiaomi/local_setup.zsh
[7.112s] -- Up-to-date: /home/xmj/xiaomi_ws/install/xiaomi/share/xiaomi/local_setup.dsv
[7.113s] -- Installing: /home/xmj/xiaomi_ws/install/xiaomi/share/xiaomi/package.dsv
[7.113s] -- Up-to-date: /home/xmj/xiaomi_ws/install/xiaomi/share/ament_index/resource_index/packages/xiaomi
[7.113s] -- Up-to-date: /home/xmj/xiaomi_ws/install/xiaomi/share/xiaomi/cmake/xiaomiConfig.cmake
[7.113s] -- Up-to-date: /home/xmj/xiaomi_ws/install/xiaomi/share/xiaomi/cmake/xiaomiConfig-version.cmake
[7.113s] -- Up-to-date: /home/xmj/xiaomi_ws/install/xiaomi/share/xiaomi/package.xml
[7.113s] -- Up-to-date: /home/xmj/xiaomi_ws/install/xiaomi/share/xiaomi/launch
[7.113s] -- Up-to-date: /home/xmj/xiaomi_ws/install/xiaomi/share/xiaomi/launch/xiaomi_sue_launch.py
[7.113s] -- Installing: /home/xmj/xiaomi_ws/install/xiaomi/lib/xiaomi/xiaomi_use
[7.114s] -- Set runtime path of "/home/xmj/xiaomi_ws/install/xiaomi/lib/xiaomi/xiaomi_use" to ""
[7.114s] -- Up-to-date: /home/xmj/xiaomi_ws/install/xiaomi/lib/xiaomi/xiaomi_sub
[7.114s] -- Up-to-date: /home/xmj/xiaomi_ws/install/xiaomi/lib/xiaomi/xiaomi_msg_pub
[7.114s] -- Up-to-date: /home/xmj/xiaomi_ws/install/xiaomi/lib/xiaomi/xiaomi_msg_sub
[7.116s] Invoked command in '/home/xmj/xiaomi_ws/build/xiaomi' returned '0': CMAKE_PREFIX_PATH=/home/xmj/xiaomi_ws/install/xiaomi_interfaces:/home/xmj/xiaomi_ws/install/xiaomi:/home/xmj/xiaomi_ws/install/fdilink_ahrs:/opt/ros/humble LD_LIBRARY_PATH=/home/xmj/xiaomi_ws/install/xiaomi_interfaces/lib:/opt/ros/humble/opt/rviz_ogre_vendor/lib:/opt/ros/humble/lib/x86_64-linux-gnu:/opt/ros/humble/lib:/usr/lib/x86_64-linux-gnu/gazebo-11/plugins:/usr/lib/x86_64-linux-gnu/gazebo-11/plugins:/usr/lib/x86_64-linux-gnu/gazebo-11/plugins /usr/bin/cmake --install /home/xmj/xiaomi_ws/build/xiaomi
