[0.091s] DEBUG:colcon:Command line arguments: ['/usr/bin/colcon', 'build', '--packages-select', 'xiaomi_interfaces']
[0.091s] DEBUG:colcon:Parsed command line arguments: Namespace(log_base=None, log_level=None, verb_name='build', build_base='build', install_base='install', merge_install=False, symlink_install=False, test_result_base=None, continue_on_error=False, executor='parallel', parallel_workers=8, event_handlers=None, ignore_user_meta=False, metas=['./colcon.meta'], base_paths=['.'], packages_ignore=None, packages_ignore_regex=None, paths=None, packages_up_to=None, packages_up_to_regex=None, packages_above=None, packages_above_and_dependencies=None, packages_above_depth=None, packages_select_by_dep=None, packages_skip_by_dep=None, packages_skip_up_to=None, packages_select_build_failed=False, packages_skip_build_finished=False, packages_select_test_failures=False, packages_skip_test_passed=False, packages_select=['xiaomi_interfaces'], packages_skip=None, packages_select_regex=None, packages_skip_regex=None, packages_start=None, packages_end=None, allow_overriding=[], cmake_args=None, cmake_target=None, cmake_target_skip_unavailable=False, cmake_clean_cache=False, cmake_clean_first=False, cmake_force_configure=False, ament_cmake_args=None, catkin_cmake_args=None, catkin_skip_building_tests=False, verb_parser=<colcon_defaults.argument_parser.defaults.DefaultArgumentsDecorator object at 0x70ca8f8f4910>, verb_extension=<colcon_core.verb.build.BuildVerb object at 0x70ca8fa49540>, main=<bound method BuildVerb.main of <colcon_core.verb.build.BuildVerb object at 0x70ca8fa49540>>)
[0.258s] Level 1:colcon.colcon_core.package_discovery:discover_packages(colcon_meta) check parameters
[0.258s] Level 1:colcon.colcon_core.package_discovery:discover_packages(recursive) check parameters
[0.258s] Level 1:colcon.colcon_core.package_discovery:discover_packages(ignore) check parameters
[0.258s] Level 1:colcon.colcon_core.package_discovery:discover_packages(path) check parameters
[0.258s] Level 1:colcon.colcon_core.package_discovery:discover_packages(colcon_meta) discover
[0.258s] Level 1:colcon.colcon_core.package_discovery:discover_packages(recursive) discover
[0.258s] INFO:colcon.colcon_core.package_discovery:Crawling recursively for packages in '/home/xmj/xiaomi_ws'
[0.258s] Level 1:colcon.colcon_core.package_identification:_identify(.) by extensions ['ignore', 'ignore_ament_install']
[0.258s] Level 1:colcon.colcon_core.package_identification:_identify(.) by extension 'ignore'
[0.258s] Level 1:colcon.colcon_core.package_identification:_identify(.) by extension 'ignore_ament_install'
[0.258s] Level 1:colcon.colcon_core.package_identification:_identify(.) by extensions ['colcon_pkg']
[0.258s] Level 1:colcon.colcon_core.package_identification:_identify(.) by extension 'colcon_pkg'
[0.258s] Level 1:colcon.colcon_core.package_identification:_identify(.) by extensions ['colcon_meta']
[0.258s] Level 1:colcon.colcon_core.package_identification:_identify(.) by extension 'colcon_meta'
[0.258s] Level 1:colcon.colcon_core.package_identification:_identify(.) by extensions ['ros']
[0.258s] Level 1:colcon.colcon_core.package_identification:_identify(.) by extension 'ros'
[0.270s] Level 1:colcon.colcon_core.package_identification:_identify(.) by extensions ['cmake', 'python']
[0.270s] Level 1:colcon.colcon_core.package_identification:_identify(.) by extension 'cmake'
[0.270s] Level 1:colcon.colcon_core.package_identification:_identify(.) by extension 'python'
[0.270s] Level 1:colcon.colcon_core.package_identification:_identify(.) by extensions ['python_setup_py']
[0.270s] Level 1:colcon.colcon_core.package_identification:_identify(.) by extension 'python_setup_py'
[0.270s] Level 1:colcon.colcon_core.package_identification:_identify(build) by extensions ['ignore', 'ignore_ament_install']
[0.270s] Level 1:colcon.colcon_core.package_identification:_identify(build) by extension 'ignore'
[0.270s] Level 1:colcon.colcon_core.package_identification:_identify(build) ignored
[0.270s] Level 1:colcon.colcon_core.package_identification:_identify(install) by extensions ['ignore', 'ignore_ament_install']
[0.271s] Level 1:colcon.colcon_core.package_identification:_identify(install) by extension 'ignore'
[0.271s] Level 1:colcon.colcon_core.package_identification:_identify(install) ignored
[0.271s] Level 1:colcon.colcon_core.package_identification:_identify(log) by extensions ['ignore', 'ignore_ament_install']
[0.271s] Level 1:colcon.colcon_core.package_identification:_identify(log) by extension 'ignore'
[0.271s] Level 1:colcon.colcon_core.package_identification:_identify(log) ignored
[0.271s] Level 1:colcon.colcon_core.package_identification:_identify(src) by extensions ['ignore', 'ignore_ament_install']
[0.271s] Level 1:colcon.colcon_core.package_identification:_identify(src) by extension 'ignore'
[0.271s] Level 1:colcon.colcon_core.package_identification:_identify(src) by extension 'ignore_ament_install'
[0.271s] Level 1:colcon.colcon_core.package_identification:_identify(src) by extensions ['colcon_pkg']
[0.271s] Level 1:colcon.colcon_core.package_identification:_identify(src) by extension 'colcon_pkg'
[0.271s] Level 1:colcon.colcon_core.package_identification:_identify(src) by extensions ['colcon_meta']
[0.271s] Level 1:colcon.colcon_core.package_identification:_identify(src) by extension 'colcon_meta'
[0.271s] Level 1:colcon.colcon_core.package_identification:_identify(src) by extensions ['ros']
[0.271s] Level 1:colcon.colcon_core.package_identification:_identify(src) by extension 'ros'
[0.271s] Level 1:colcon.colcon_core.package_identification:_identify(src) by extensions ['cmake', 'python']
[0.271s] Level 1:colcon.colcon_core.package_identification:_identify(src) by extension 'cmake'
[0.271s] Level 1:colcon.colcon_core.package_identification:_identify(src) by extension 'python'
[0.271s] Level 1:colcon.colcon_core.package_identification:_identify(src) by extensions ['python_setup_py']
[0.271s] Level 1:colcon.colcon_core.package_identification:_identify(src) by extension 'python_setup_py'
[0.271s] Level 1:colcon.colcon_core.package_identification:_identify(src/xiaomi) by extensions ['ignore', 'ignore_ament_install']
[0.271s] Level 1:colcon.colcon_core.package_identification:_identify(src/xiaomi) by extension 'ignore'
[0.271s] Level 1:colcon.colcon_core.package_identification:_identify(src/xiaomi) by extension 'ignore_ament_install'
[0.271s] Level 1:colcon.colcon_core.package_identification:_identify(src/xiaomi) by extensions ['colcon_pkg']
[0.271s] Level 1:colcon.colcon_core.package_identification:_identify(src/xiaomi) by extension 'colcon_pkg'
[0.272s] Level 1:colcon.colcon_core.package_identification:_identify(src/xiaomi) by extensions ['colcon_meta']
[0.272s] Level 1:colcon.colcon_core.package_identification:_identify(src/xiaomi) by extension 'colcon_meta'
[0.272s] Level 1:colcon.colcon_core.package_identification:_identify(src/xiaomi) by extensions ['ros']
[0.272s] Level 1:colcon.colcon_core.package_identification:_identify(src/xiaomi) by extension 'ros'
[0.274s] DEBUG:colcon.colcon_core.package_identification:Package 'src/xiaomi' with type 'ros.ament_cmake' and name 'xiaomi'
[0.274s] Level 1:colcon.colcon_core.package_identification:_identify(src/xiaomi_interfaces) by extensions ['ignore', 'ignore_ament_install']
[0.274s] Level 1:colcon.colcon_core.package_identification:_identify(src/xiaomi_interfaces) by extension 'ignore'
[0.274s] Level 1:colcon.colcon_core.package_identification:_identify(src/xiaomi_interfaces) by extension 'ignore_ament_install'
[0.274s] Level 1:colcon.colcon_core.package_identification:_identify(src/xiaomi_interfaces) by extensions ['colcon_pkg']
[0.274s] Level 1:colcon.colcon_core.package_identification:_identify(src/xiaomi_interfaces) by extension 'colcon_pkg'
[0.274s] Level 1:colcon.colcon_core.package_identification:_identify(src/xiaomi_interfaces) by extensions ['colcon_meta']
[0.274s] Level 1:colcon.colcon_core.package_identification:_identify(src/xiaomi_interfaces) by extension 'colcon_meta'
[0.274s] Level 1:colcon.colcon_core.package_identification:_identify(src/xiaomi_interfaces) by extensions ['ros']
[0.274s] Level 1:colcon.colcon_core.package_identification:_identify(src/xiaomi_interfaces) by extension 'ros'
[0.275s] DEBUG:colcon.colcon_core.package_identification:Package 'src/xiaomi_interfaces' with type 'ros.ament_cmake' and name 'xiaomi_interfaces'
[0.275s] Level 1:colcon.colcon_core.package_discovery:discover_packages(recursive) using defaults
[0.275s] Level 1:colcon.colcon_core.package_discovery:discover_packages(ignore) discover
[0.275s] Level 1:colcon.colcon_core.package_discovery:discover_packages(ignore) using defaults
[0.275s] Level 1:colcon.colcon_core.package_discovery:discover_packages(path) discover
[0.275s] Level 1:colcon.colcon_core.package_discovery:discover_packages(path) using defaults
[0.301s] INFO:colcon.colcon_core.package_selection:Skipping not selected package 'xiaomi' in 'src/xiaomi'
[0.302s] Level 1:colcon.colcon_core.package_discovery:discover_packages(prefix_path) check parameters
[0.302s] Level 1:colcon.colcon_core.package_discovery:discover_packages(prefix_path) discover
[0.304s] DEBUG:colcon.colcon_installed_package_information.package_discovery:Found 376 installed packages in /opt/ros/humble
[0.306s] Level 1:colcon.colcon_core.package_discovery:discover_packages(prefix_path) using defaults
[0.345s] Level 5:colcon.colcon_core.verb:set package 'xiaomi_interfaces' build argument 'cmake_args' from command line to 'None'
[0.345s] Level 5:colcon.colcon_core.verb:set package 'xiaomi_interfaces' build argument 'cmake_target' from command line to 'None'
[0.345s] Level 5:colcon.colcon_core.verb:set package 'xiaomi_interfaces' build argument 'cmake_target_skip_unavailable' from command line to 'False'
[0.345s] Level 5:colcon.colcon_core.verb:set package 'xiaomi_interfaces' build argument 'cmake_clean_cache' from command line to 'False'
[0.345s] Level 5:colcon.colcon_core.verb:set package 'xiaomi_interfaces' build argument 'cmake_clean_first' from command line to 'False'
[0.345s] Level 5:colcon.colcon_core.verb:set package 'xiaomi_interfaces' build argument 'cmake_force_configure' from command line to 'False'
[0.345s] Level 5:colcon.colcon_core.verb:set package 'xiaomi_interfaces' build argument 'ament_cmake_args' from command line to 'None'
[0.345s] Level 5:colcon.colcon_core.verb:set package 'xiaomi_interfaces' build argument 'catkin_cmake_args' from command line to 'None'
[0.345s] Level 5:colcon.colcon_core.verb:set package 'xiaomi_interfaces' build argument 'catkin_skip_building_tests' from command line to 'False'
[0.345s] DEBUG:colcon.colcon_core.verb:Building package 'xiaomi_interfaces' with the following arguments: {'ament_cmake_args': None, 'build_base': '/home/xmj/xiaomi_ws/build/xiaomi_interfaces', 'catkin_cmake_args': None, 'catkin_skip_building_tests': False, 'cmake_args': None, 'cmake_clean_cache': False, 'cmake_clean_first': False, 'cmake_force_configure': False, 'cmake_target': None, 'cmake_target_skip_unavailable': False, 'install_base': '/home/xmj/xiaomi_ws/install/xiaomi_interfaces', 'merge_install': False, 'path': '/home/xmj/xiaomi_ws/src/xiaomi_interfaces', 'symlink_install': False, 'test_result_base': None}
[0.345s] INFO:colcon.colcon_core.executor:Executing jobs using 'parallel' executor
[0.346s] DEBUG:colcon.colcon_parallel_executor.executor.parallel:run_until_complete
[0.346s] INFO:colcon.colcon_ros.task.ament_cmake.build:Building ROS package in '/home/xmj/xiaomi_ws/src/xiaomi_interfaces' with build type 'ament_cmake'
[0.346s] INFO:colcon.colcon_cmake.task.cmake.build:Building CMake package in '/home/xmj/xiaomi_ws/src/xiaomi_interfaces'
[0.348s] INFO:colcon.colcon_core.plugin_system:Skipping extension 'colcon_core.shell.bat': Not used on non-Windows systems
[0.349s] INFO:colcon.colcon_core.shell:Skip shell extension 'powershell' for command environment: Not usable outside of PowerShell
[0.349s] DEBUG:colcon.colcon_core.shell:Skip shell extension 'dsv' for command environment
[0.356s] DEBUG:colcon.colcon_core.event_handler.log_command:Invoking command in '/home/xmj/xiaomi_ws/build/xiaomi_interfaces': CMAKE_PREFIX_PATH=/opt/ros/humble /usr/bin/cmake /home/xmj/xiaomi_ws/src/xiaomi_interfaces -DCMAKE_INSTALL_PREFIX=/home/xmj/xiaomi_ws/install/xiaomi_interfaces
[1.851s] DEBUG:colcon.colcon_core.event_handler.log_command:Invoked command in '/home/xmj/xiaomi_ws/build/xiaomi_interfaces' returned '0': CMAKE_PREFIX_PATH=/opt/ros/humble /usr/bin/cmake /home/xmj/xiaomi_ws/src/xiaomi_interfaces -DCMAKE_INSTALL_PREFIX=/home/xmj/xiaomi_ws/install/xiaomi_interfaces
[1.853s] DEBUG:colcon.colcon_core.event_handler.log_command:Invoking command in '/home/xmj/xiaomi_ws/build/xiaomi_interfaces': CMAKE_PREFIX_PATH=/opt/ros/humble /usr/bin/cmake --build /home/xmj/xiaomi_ws/build/xiaomi_interfaces -- -j8 -l8
[4.125s] DEBUG:colcon.colcon_core.event_handler.log_command:Invoked command in '/home/xmj/xiaomi_ws/build/xiaomi_interfaces' returned '0': CMAKE_PREFIX_PATH=/opt/ros/humble /usr/bin/cmake --build /home/xmj/xiaomi_ws/build/xiaomi_interfaces -- -j8 -l8
[4.184s] DEBUG:colcon.colcon_core.event_handler.log_command:Invoking command in '/home/xmj/xiaomi_ws/build/xiaomi_interfaces': CMAKE_PREFIX_PATH=/opt/ros/humble /usr/bin/cmake --install /home/xmj/xiaomi_ws/build/xiaomi_interfaces
[4.240s] Level 1:colcon.colcon_core.environment:create_environment_scripts_only(xiaomi_interfaces)
[4.241s] DEBUG:colcon.colcon_core.event_handler.log_command:Invoked command in '/home/xmj/xiaomi_ws/build/xiaomi_interfaces' returned '0': CMAKE_PREFIX_PATH=/opt/ros/humble /usr/bin/cmake --install /home/xmj/xiaomi_ws/build/xiaomi_interfaces
[4.243s] Level 1:colcon.colcon_core.environment:checking '/home/xmj/xiaomi_ws/install/xiaomi_interfaces' for CMake module files
[4.243s] Level 1:colcon.colcon_core.environment:checking '/home/xmj/xiaomi_ws/install/xiaomi_interfaces' for CMake config files
[4.243s] Level 1:colcon.colcon_core.shell:create_environment_hook('xiaomi_interfaces', 'cmake_prefix_path')
[4.244s] INFO:colcon.colcon_core.shell:Creating environment hook '/home/xmj/xiaomi_ws/install/xiaomi_interfaces/share/xiaomi_interfaces/hook/cmake_prefix_path.ps1'
[4.244s] INFO:colcon.colcon_core.shell:Creating environment descriptor '/home/xmj/xiaomi_ws/install/xiaomi_interfaces/share/xiaomi_interfaces/hook/cmake_prefix_path.dsv'
[4.244s] INFO:colcon.colcon_core.shell:Creating environment hook '/home/xmj/xiaomi_ws/install/xiaomi_interfaces/share/xiaomi_interfaces/hook/cmake_prefix_path.sh'
[4.245s] Level 1:colcon.colcon_core.environment:checking '/home/xmj/xiaomi_ws/install/xiaomi_interfaces/lib'
[4.245s] Level 1:colcon.colcon_core.shell:create_environment_hook('xiaomi_interfaces', 'ld_library_path_lib')
[4.245s] INFO:colcon.colcon_core.shell:Creating environment hook '/home/xmj/xiaomi_ws/install/xiaomi_interfaces/share/xiaomi_interfaces/hook/ld_library_path_lib.ps1'
[4.246s] INFO:colcon.colcon_core.shell:Creating environment descriptor '/home/xmj/xiaomi_ws/install/xiaomi_interfaces/share/xiaomi_interfaces/hook/ld_library_path_lib.dsv'
[4.246s] INFO:colcon.colcon_core.shell:Creating environment hook '/home/xmj/xiaomi_ws/install/xiaomi_interfaces/share/xiaomi_interfaces/hook/ld_library_path_lib.sh'
[4.246s] Level 1:colcon.colcon_core.environment:checking '/home/xmj/xiaomi_ws/install/xiaomi_interfaces/bin'
[4.246s] Level 1:colcon.colcon_core.environment:checking '/home/xmj/xiaomi_ws/install/xiaomi_interfaces/lib/pkgconfig/xiaomi_interfaces.pc'
[4.246s] Level 1:colcon.colcon_core.environment:checking '/home/xmj/xiaomi_ws/install/xiaomi_interfaces/lib/python3.10/site-packages'
[4.247s] Level 1:colcon.colcon_core.environment:checking '/home/xmj/xiaomi_ws/install/xiaomi_interfaces/bin'
[4.247s] INFO:colcon.colcon_core.shell:Creating package script '/home/xmj/xiaomi_ws/install/xiaomi_interfaces/share/xiaomi_interfaces/package.ps1'
[4.247s] INFO:colcon.colcon_core.shell:Creating package descriptor '/home/xmj/xiaomi_ws/install/xiaomi_interfaces/share/xiaomi_interfaces/package.dsv'
[4.248s] INFO:colcon.colcon_core.shell:Creating package script '/home/xmj/xiaomi_ws/install/xiaomi_interfaces/share/xiaomi_interfaces/package.sh'
[4.248s] INFO:colcon.colcon_core.shell:Creating package script '/home/xmj/xiaomi_ws/install/xiaomi_interfaces/share/xiaomi_interfaces/package.bash'
[4.249s] INFO:colcon.colcon_core.shell:Creating package script '/home/xmj/xiaomi_ws/install/xiaomi_interfaces/share/xiaomi_interfaces/package.zsh'
[4.249s] Level 1:colcon.colcon_core.environment:create_file_with_runtime_dependencies(/home/xmj/xiaomi_ws/install/xiaomi_interfaces/share/colcon-core/packages/xiaomi_interfaces)
[4.304s] Level 1:colcon.colcon_core.environment:create_environment_scripts_only(xiaomi_interfaces)
[4.305s] Level 1:colcon.colcon_core.environment:checking '/home/xmj/xiaomi_ws/install/xiaomi_interfaces' for CMake module files
[4.305s] Level 1:colcon.colcon_core.environment:checking '/home/xmj/xiaomi_ws/install/xiaomi_interfaces' for CMake config files
[4.305s] Level 1:colcon.colcon_core.shell:create_environment_hook('xiaomi_interfaces', 'cmake_prefix_path')
[4.306s] INFO:colcon.colcon_core.shell:Creating environment hook '/home/xmj/xiaomi_ws/install/xiaomi_interfaces/share/xiaomi_interfaces/hook/cmake_prefix_path.ps1'
[4.306s] INFO:colcon.colcon_core.shell:Creating environment descriptor '/home/xmj/xiaomi_ws/install/xiaomi_interfaces/share/xiaomi_interfaces/hook/cmake_prefix_path.dsv'
[4.306s] INFO:colcon.colcon_core.shell:Creating environment hook '/home/xmj/xiaomi_ws/install/xiaomi_interfaces/share/xiaomi_interfaces/hook/cmake_prefix_path.sh'
[4.307s] Level 1:colcon.colcon_core.environment:checking '/home/xmj/xiaomi_ws/install/xiaomi_interfaces/lib'
[4.307s] Level 1:colcon.colcon_core.shell:create_environment_hook('xiaomi_interfaces', 'ld_library_path_lib')
[4.307s] INFO:colcon.colcon_core.shell:Creating environment hook '/home/xmj/xiaomi_ws/install/xiaomi_interfaces/share/xiaomi_interfaces/hook/ld_library_path_lib.ps1'
[4.307s] INFO:colcon.colcon_core.shell:Creating environment descriptor '/home/xmj/xiaomi_ws/install/xiaomi_interfaces/share/xiaomi_interfaces/hook/ld_library_path_lib.dsv'
[4.308s] INFO:colcon.colcon_core.shell:Creating environment hook '/home/xmj/xiaomi_ws/install/xiaomi_interfaces/share/xiaomi_interfaces/hook/ld_library_path_lib.sh'
[4.308s] Level 1:colcon.colcon_core.environment:checking '/home/xmj/xiaomi_ws/install/xiaomi_interfaces/bin'
[4.308s] Level 1:colcon.colcon_core.environment:checking '/home/xmj/xiaomi_ws/install/xiaomi_interfaces/lib/pkgconfig/xiaomi_interfaces.pc'
[4.308s] Level 1:colcon.colcon_core.environment:checking '/home/xmj/xiaomi_ws/install/xiaomi_interfaces/lib/python3.10/site-packages'
[4.308s] Level 1:colcon.colcon_core.environment:checking '/home/xmj/xiaomi_ws/install/xiaomi_interfaces/bin'
[4.308s] INFO:colcon.colcon_core.shell:Creating package script '/home/xmj/xiaomi_ws/install/xiaomi_interfaces/share/xiaomi_interfaces/package.ps1'
[4.309s] INFO:colcon.colcon_core.shell:Creating package descriptor '/home/xmj/xiaomi_ws/install/xiaomi_interfaces/share/xiaomi_interfaces/package.dsv'
[4.309s] INFO:colcon.colcon_core.shell:Creating package script '/home/xmj/xiaomi_ws/install/xiaomi_interfaces/share/xiaomi_interfaces/package.sh'
[4.310s] INFO:colcon.colcon_core.shell:Creating package script '/home/xmj/xiaomi_ws/install/xiaomi_interfaces/share/xiaomi_interfaces/package.bash'
[4.310s] INFO:colcon.colcon_core.shell:Creating package script '/home/xmj/xiaomi_ws/install/xiaomi_interfaces/share/xiaomi_interfaces/package.zsh'
[4.311s] Level 1:colcon.colcon_core.environment:create_file_with_runtime_dependencies(/home/xmj/xiaomi_ws/install/xiaomi_interfaces/share/colcon-core/packages/xiaomi_interfaces)
[4.311s] DEBUG:colcon.colcon_parallel_executor.executor.parallel:closing loop
[4.311s] DEBUG:colcon.colcon_parallel_executor.executor.parallel:loop closed
[4.311s] DEBUG:colcon.colcon_parallel_executor.executor.parallel:run_until_complete finished with '0'
[4.311s] DEBUG:colcon.colcon_core.event_reactor:joining thread
[4.316s] INFO:colcon.colcon_core.plugin_system:Skipping extension 'colcon_notification.desktop_notification.terminal_notifier': Not used on non-Darwin systems
[4.316s] INFO:colcon.colcon_core.plugin_system:Skipping extension 'colcon_notification.desktop_notification.win32': Not used on non-Windows systems
[4.316s] INFO:colcon.colcon_notification.desktop_notification:Sending desktop notification using 'notify2'
[4.329s] DEBUG:colcon.colcon_core.event_reactor:joined thread
[4.329s] INFO:colcon.colcon_core.shell:Creating prefix script '/home/xmj/xiaomi_ws/install/local_setup.ps1'
[4.330s] INFO:colcon.colcon_core.shell:Creating prefix util module '/home/xmj/xiaomi_ws/install/_local_setup_util_ps1.py'
[4.332s] INFO:colcon.colcon_core.shell:Creating prefix chain script '/home/xmj/xiaomi_ws/install/setup.ps1'
[4.334s] INFO:colcon.colcon_core.shell:Creating prefix script '/home/xmj/xiaomi_ws/install/local_setup.sh'
[4.335s] INFO:colcon.colcon_core.shell:Creating prefix util module '/home/xmj/xiaomi_ws/install/_local_setup_util_sh.py'
[4.336s] INFO:colcon.colcon_core.shell:Creating prefix chain script '/home/xmj/xiaomi_ws/install/setup.sh'
[4.337s] INFO:colcon.colcon_core.shell:Creating prefix script '/home/xmj/xiaomi_ws/install/local_setup.bash'
[4.338s] INFO:colcon.colcon_core.shell:Creating prefix chain script '/home/xmj/xiaomi_ws/install/setup.bash'
[4.339s] INFO:colcon.colcon_core.shell:Creating prefix script '/home/xmj/xiaomi_ws/install/local_setup.zsh'
[4.340s] INFO:colcon.colcon_core.shell:Creating prefix chain script '/home/xmj/xiaomi_ws/install/setup.zsh'
