-- The C compiler identification is GNU 11.4.0
-- The CXX compiler identification is GNU 11.4.0
-- Detecting C compiler ABI info
-- Detecting C compiler ABI info - done
-- Check for working C compiler: /usr/bin/cc - skipped
-- Detecting C compile features
-- Detecting C compile features - done
-- Detecting CXX compiler ABI info
-- Detecting CXX compiler ABI info - done
-- Check for working CXX compiler: /usr/bin/c++ - skipped
-- Detecting CXX compile features
-- Detecting CXX compile features - done
-- Found ament_cmake: 1.3.8 (/opt/ros/humble/share/ament_cmake/cmake)
-- Found Python3: /usr/bin/python3 (found version "3.10.12") found components: Interpreter 
-- Found rclcpp: 16.0.8 (/opt/ros/humble/share/rclcpp/cmake)
-- Found rosidl_generator_c: 3.1.5 (/opt/ros/humble/share/rosidl_generator_c/cmake)
-- Found rosidl_adapter: 3.1.5 (/opt/ros/humble/share/rosidl_adapter/cmake)
-- Found rosidl_generator_cpp: 3.1.5 (/opt/ros/humble/share/rosidl_generator_cpp/cmake)
-- Using all available rosidl_typesupport_c: rosidl_typesupport_fastrtps_c;rosidl_typesupport_introspection_c
-- Using all available rosidl_typesupport_cpp: rosidl_typesupport_fastrtps_cpp;rosidl_typesupport_introspection_cpp
-- Found rmw_implementation_cmake: 6.1.1 (/opt/ros/humble/share/rmw_implementation_cmake/cmake)
-- Found rmw_fastrtps_cpp: 6.2.6 (/opt/ros/humble/share/rmw_fastrtps_cpp/cmake)
-- Found OpenSSL: /usr/lib/x86_64-linux-gnu/libcrypto.so (found version "3.0.2")  
-- Found FastRTPS: /opt/ros/humble/include  
-- Using RMW implementation 'rmw_fastrtps_cpp' as default
-- Looking for pthread.h
-- Looking for pthread.h - found
-- Performing Test CMAKE_HAVE_LIBC_PTHREAD
-- Performing Test CMAKE_HAVE_LIBC_PTHREAD - Success
-- Found Threads: TRUE  
-- Found serial: 1.2.1 (/usr/local/share/serial/cmake)
-- Found xiaomi_interfaces: 0.0.0 (/home/xmj/xiaomi_ws/install/xiaomi_interfaces/share/xiaomi_interfaces/cmake)
-- Found ament_lint_auto: 0.12.10 (/opt/ros/humble/share/ament_lint_auto/cmake)
-- Added test 'cppcheck' to perform static code analysis on C / C++ code
-- Configured cppcheck include dirs: $<BUILD_INTERFACE:/home/xmj/xiaomi_ws/src/xiaomi/include>
-- Configured cppcheck exclude dirs and/or files: 
-- Added test 'flake8' to check Python code syntax and style conventions
-- Added test 'lint_cmake' to check CMake code style
-- Added test 'pep257' to check Python code against some of the docstring style conventions in PEP 257
-- Added test 'uncrustify' to check C / C++ code style
-- Configured uncrustify additional arguments: 
-- Added test 'xmllint' to check XML markup files
-- Configuring done
-- Generating done
-- Build files have been written to: /home/xmj/xiaomi_ws/build/xiaomi
[ 20%] [32mBuilding CXX object CMakeFiles/xiaomi_able.dir/src/xiaomi_initial_set.cpp.o[0m
[ 20%] [32mBuilding CXX object CMakeFiles/xiaomi_able.dir/src/xiaomi_able.cpp.o[0m
[ 26%] [32mBuilding CXX object CMakeFiles/xiaomi_msg_sub.dir/src/xiaomi_initial_set.cpp.o[0m
[ 26%] [32mBuilding CXX object CMakeFiles/xiaomi_msg_sub.dir/src/xiaomi_msg_sub.cpp.o[0m
[ 33%] [32mBuilding CXX object CMakeFiles/xiaomi_msg_pub.dir/src/xiaomi_initial_set.cpp.o[0m
[ 40%] [32mBuilding CXX object CMakeFiles/xiaomi_use.dir/src/xiaomi_initial_set.cpp.o[0m
[ 46%] [32mBuilding CXX object CMakeFiles/xiaomi_msg_pub.dir/src/xiaomi_msg_pub.cpp.o[0m
[ 53%] [32mBuilding CXX object CMakeFiles/xiaomi_sub.dir/src/xiaomi_initial_set.cpp.o[0m
[ 60%] [32mBuilding CXX object CMakeFiles/xiaomi_sub.dir/src/xiaomi_sub.cpp.o[0m
[ 66%] [32mBuilding CXX object CMakeFiles/xiaomi_use.dir/src/xiaomi_use.cpp.o[0m
[ 73%] [32m[1mLinking CXX executable xiaomi_able[0m
[ 73%] Built target xiaomi_able
[ 80%] [32m[1mLinking CXX executable xiaomi_msg_pub[0m
[ 80%] Built target xiaomi_msg_pub
[ 86%] [32m[1mLinking CXX executable xiaomi_use[0m
[ 86%] Built target xiaomi_use
[ 93%] [32m[1mLinking CXX executable xiaomi_msg_sub[0m
[ 93%] Built target xiaomi_msg_sub
[100%] [32m[1mLinking CXX executable xiaomi_sub[0m
[100%] Built target xiaomi_sub
-- Install configuration: ""
-- Installing: /home/xmj/xiaomi_ws/install/xiaomi/lib/xiaomi/xiaomi_able
-- Set runtime path of "/home/xmj/xiaomi_ws/install/xiaomi/lib/xiaomi/xiaomi_able" to "/usr/local/lib:/opt/ros/humble/lib"
-- Installing: /home/xmj/xiaomi_ws/install/xiaomi/share/ament_index/resource_index/package_run_dependencies/xiaomi
-- Installing: /home/xmj/xiaomi_ws/install/xiaomi/share/ament_index/resource_index/parent_prefix_path/xiaomi
-- Installing: /home/xmj/xiaomi_ws/install/xiaomi/share/xiaomi/environment/ament_prefix_path.sh
-- Installing: /home/xmj/xiaomi_ws/install/xiaomi/share/xiaomi/environment/ament_prefix_path.dsv
-- Installing: /home/xmj/xiaomi_ws/install/xiaomi/share/xiaomi/environment/path.sh
-- Installing: /home/xmj/xiaomi_ws/install/xiaomi/share/xiaomi/environment/path.dsv
-- Installing: /home/xmj/xiaomi_ws/install/xiaomi/share/xiaomi/local_setup.bash
-- Installing: /home/xmj/xiaomi_ws/install/xiaomi/share/xiaomi/local_setup.sh
-- Installing: /home/xmj/xiaomi_ws/install/xiaomi/share/xiaomi/local_setup.zsh
-- Installing: /home/xmj/xiaomi_ws/install/xiaomi/share/xiaomi/local_setup.dsv
-- Installing: /home/xmj/xiaomi_ws/install/xiaomi/share/xiaomi/package.dsv
-- Installing: /home/xmj/xiaomi_ws/install/xiaomi/share/ament_index/resource_index/packages/xiaomi
-- Installing: /home/xmj/xiaomi_ws/install/xiaomi/share/xiaomi/cmake/xiaomiConfig.cmake
-- Installing: /home/xmj/xiaomi_ws/install/xiaomi/share/xiaomi/cmake/xiaomiConfig-version.cmake
-- Installing: /home/xmj/xiaomi_ws/install/xiaomi/share/xiaomi/package.xml
-- Installing: /home/xmj/xiaomi_ws/install/xiaomi/share/xiaomi/launch
-- Installing: /home/xmj/xiaomi_ws/install/xiaomi/share/xiaomi/launch/xiaomi_sue_launch.py
-- Installing: /home/xmj/xiaomi_ws/install/xiaomi/lib/xiaomi/xiaomi_use
-- Set runtime path of "/home/xmj/xiaomi_ws/install/xiaomi/lib/xiaomi/xiaomi_use" to ""
-- Installing: /home/xmj/xiaomi_ws/install/xiaomi/lib/xiaomi/xiaomi_sub
-- Set runtime path of "/home/xmj/xiaomi_ws/install/xiaomi/lib/xiaomi/xiaomi_sub" to ""
-- Installing: /home/xmj/xiaomi_ws/install/xiaomi/lib/xiaomi/xiaomi_msg_pub
-- Set runtime path of "/home/xmj/xiaomi_ws/install/xiaomi/lib/xiaomi/xiaomi_msg_pub" to ""
-- Installing: /home/xmj/xiaomi_ws/install/xiaomi/lib/xiaomi/xiaomi_msg_sub
-- Set runtime path of "/home/xmj/xiaomi_ws/install/xiaomi/lib/xiaomi/xiaomi_msg_sub" to ""
