[0.011s] Invoking command in '/home/xmj/xiaomi_ws/build/xiaomi': AMENT_PREFIX_PATH=/home/xmj/xiaomi_ws/install/xiaomi_interfaces:${AMENT_PREFIX_PATH} CMAKE_PREFIX_PATH=/home/xmj/xiaomi_ws/install/xiaomi_interfaces:/opt/ros/humble LD_LIBRARY_PATH=/home/xmj/xiaomi_ws/install/xiaomi_interfaces/lib:/opt/ros/humble/opt/rviz_ogre_vendor/lib:/opt/ros/humble/lib/x86_64-linux-gnu:/opt/ros/humble/lib:/usr/lib/x86_64-linux-gnu/gazebo-11/plugins:/usr/lib/x86_64-linux-gnu/gazebo-11/plugins:/usr/lib/x86_64-linux-gnu/gazebo-11/plugins PYTHONPATH=/home/xmj/xiaomi_ws/install/xiaomi_interfaces/local/lib/python3.10/dist-packages:${PYTHONPATH} /usr/bin/cmake /home/xmj/xiaomi_ws/src/xiaomi -DCMAKE_INSTALL_PREFIX=/home/xmj/xiaomi_ws/install/xiaomi
[0.058s] -- The C compiler identification is GNU 11.4.0
[0.103s] -- The CXX compiler identification is GNU 11.4.0
[0.111s] -- Detecting C compiler ABI info
[0.168s] -- Detecting C compiler ABI info - done
[0.175s] -- Check for working C compiler: /usr/bin/cc - skipped
[0.175s] -- Detecting C compile features
[0.176s] -- Detecting C compile features - done
[0.179s] -- Detecting CXX compiler ABI info
[0.256s] -- Detecting CXX compiler ABI info - done
[0.264s] -- Check for working CXX compiler: /usr/bin/c++ - skipped
[0.265s] -- Detecting CXX compile features
[0.265s] -- Detecting CXX compile features - done
[0.268s] -- Found ament_cmake: 1.3.8 (/opt/ros/humble/share/ament_cmake/cmake)
[0.420s] -- Found Python3: /usr/bin/python3 (found version "3.10.12") found components: Interpreter 
[0.518s] -- Found rclcpp: 16.0.8 (/opt/ros/humble/share/rclcpp/cmake)
[0.563s] -- Found rosidl_generator_c: 3.1.5 (/opt/ros/humble/share/rosidl_generator_c/cmake)
[0.568s] -- Found rosidl_adapter: 3.1.5 (/opt/ros/humble/share/rosidl_adapter/cmake)
[0.575s] -- Found rosidl_generator_cpp: 3.1.5 (/opt/ros/humble/share/rosidl_generator_cpp/cmake)
[0.586s] -- Using all available rosidl_typesupport_c: rosidl_typesupport_fastrtps_c;rosidl_typesupport_introspection_c
[0.602s] -- Using all available rosidl_typesupport_cpp: rosidl_typesupport_fastrtps_cpp;rosidl_typesupport_introspection_cpp
[0.681s] -- Found rmw_implementation_cmake: 6.1.1 (/opt/ros/humble/share/rmw_implementation_cmake/cmake)
[0.684s] -- Found rmw_fastrtps_cpp: 6.2.6 (/opt/ros/humble/share/rmw_fastrtps_cpp/cmake)
[0.779s] -- Found OpenSSL: /usr/lib/x86_64-linux-gnu/libcrypto.so (found version "3.0.2")  
[0.803s] -- Found FastRTPS: /opt/ros/humble/include  
[0.847s] -- Using RMW implementation 'rmw_fastrtps_cpp' as default
[0.857s] -- Looking for pthread.h
[0.920s] -- Looking for pthread.h - found
[0.921s] -- Performing Test CMAKE_HAVE_LIBC_PTHREAD
[0.985s] -- Performing Test CMAKE_HAVE_LIBC_PTHREAD - Success
[0.986s] -- Found Threads: TRUE  
[1.159s] -- Found serial: 1.2.1 (/usr/local/share/serial/cmake)
[1.161s] -- Found xiaomi_interfaces: 0.0.0 (/home/xmj/xiaomi_ws/install/xiaomi_interfaces/share/xiaomi_interfaces/cmake)
[1.181s] -- Found ament_lint_auto: 0.12.10 (/opt/ros/humble/share/ament_lint_auto/cmake)
[1.270s] -- Added test 'cppcheck' to perform static code analysis on C / C++ code
[1.270s] -- Configured cppcheck include dirs: $<BUILD_INTERFACE:/home/xmj/xiaomi_ws/src/xiaomi/include>
[1.270s] -- Configured cppcheck exclude dirs and/or files: 
[1.270s] -- Added test 'flake8' to check Python code syntax and style conventions
[1.271s] -- Added test 'lint_cmake' to check CMake code style
[1.272s] -- Added test 'pep257' to check Python code against some of the docstring style conventions in PEP 257
[1.273s] -- Added test 'uncrustify' to check C / C++ code style
[1.273s] -- Configured uncrustify additional arguments: 
[1.274s] -- Added test 'xmllint' to check XML markup files
[1.280s] -- Configuring done
[1.310s] -- Generating done
[1.313s] -- Build files have been written to: /home/xmj/xiaomi_ws/build/xiaomi
[1.323s] Invoked command in '/home/xmj/xiaomi_ws/build/xiaomi' returned '0': AMENT_PREFIX_PATH=/home/xmj/xiaomi_ws/install/xiaomi_interfaces:${AMENT_PREFIX_PATH} CMAKE_PREFIX_PATH=/home/xmj/xiaomi_ws/install/xiaomi_interfaces:/opt/ros/humble LD_LIBRARY_PATH=/home/xmj/xiaomi_ws/install/xiaomi_interfaces/lib:/opt/ros/humble/opt/rviz_ogre_vendor/lib:/opt/ros/humble/lib/x86_64-linux-gnu:/opt/ros/humble/lib:/usr/lib/x86_64-linux-gnu/gazebo-11/plugins:/usr/lib/x86_64-linux-gnu/gazebo-11/plugins:/usr/lib/x86_64-linux-gnu/gazebo-11/plugins PYTHONPATH=/home/xmj/xiaomi_ws/install/xiaomi_interfaces/local/lib/python3.10/dist-packages:${PYTHONPATH} /usr/bin/cmake /home/xmj/xiaomi_ws/src/xiaomi -DCMAKE_INSTALL_PREFIX=/home/xmj/xiaomi_ws/install/xiaomi
[1.325s] Invoking command in '/home/xmj/xiaomi_ws/build/xiaomi': AMENT_PREFIX_PATH=/home/xmj/xiaomi_ws/install/xiaomi_interfaces:${AMENT_PREFIX_PATH} CMAKE_PREFIX_PATH=/home/xmj/xiaomi_ws/install/xiaomi_interfaces:/opt/ros/humble LD_LIBRARY_PATH=/home/xmj/xiaomi_ws/install/xiaomi_interfaces/lib:/opt/ros/humble/opt/rviz_ogre_vendor/lib:/opt/ros/humble/lib/x86_64-linux-gnu:/opt/ros/humble/lib:/usr/lib/x86_64-linux-gnu/gazebo-11/plugins:/usr/lib/x86_64-linux-gnu/gazebo-11/plugins:/usr/lib/x86_64-linux-gnu/gazebo-11/plugins PYTHONPATH=/home/xmj/xiaomi_ws/install/xiaomi_interfaces/local/lib/python3.10/dist-packages:${PYTHONPATH} /usr/bin/cmake --build /home/xmj/xiaomi_ws/build/xiaomi -- -j8 -l8
[1.375s] [ 20%] [32mBuilding CXX object CMakeFiles/xiaomi_able.dir/src/xiaomi_initial_set.cpp.o[0m
[1.375s] [ 20%] [32mBuilding CXX object CMakeFiles/xiaomi_able.dir/src/xiaomi_able.cpp.o[0m
[1.377s] [ 26%] [32mBuilding CXX object CMakeFiles/xiaomi_msg_sub.dir/src/xiaomi_initial_set.cpp.o[0m
[1.377s] [ 26%] [32mBuilding CXX object CMakeFiles/xiaomi_msg_sub.dir/src/xiaomi_msg_sub.cpp.o[0m
[1.377s] [ 33%] [32mBuilding CXX object CMakeFiles/xiaomi_msg_pub.dir/src/xiaomi_initial_set.cpp.o[0m
[1.380s] [ 40%] [32mBuilding CXX object CMakeFiles/xiaomi_use.dir/src/xiaomi_initial_set.cpp.o[0m
[1.386s] [ 46%] [32mBuilding CXX object CMakeFiles/xiaomi_msg_pub.dir/src/xiaomi_msg_pub.cpp.o[0m
[1.387s] [ 53%] [32mBuilding CXX object CMakeFiles/xiaomi_sub.dir/src/xiaomi_initial_set.cpp.o[0m
[2.799s] [ 60%] [32mBuilding CXX object CMakeFiles/xiaomi_sub.dir/src/xiaomi_sub.cpp.o[0m
[2.837s] [ 66%] [32mBuilding CXX object CMakeFiles/xiaomi_use.dir/src/xiaomi_use.cpp.o[0m
[6.711s] [ 73%] [32m[1mLinking CXX executable xiaomi_able[0m
[6.941s] [ 73%] Built target xiaomi_able
[7.569s] [ 80%] [32m[1mLinking CXX executable xiaomi_msg_pub[0m
[7.821s] [ 80%] Built target xiaomi_msg_pub
[8.156s] [ 86%] [32m[1mLinking CXX executable xiaomi_use[0m
[8.363s] [ 86%] Built target xiaomi_use
[11.223s] [ 93%] [32m[1mLinking CXX executable xiaomi_msg_sub[0m
[11.629s] [ 93%] Built target xiaomi_msg_sub
[12.558s] [100%] [32m[1mLinking CXX executable xiaomi_sub[0m
[12.918s] [100%] Built target xiaomi_sub
[12.927s] Invoked command in '/home/xmj/xiaomi_ws/build/xiaomi' returned '0': AMENT_PREFIX_PATH=/home/xmj/xiaomi_ws/install/xiaomi_interfaces:${AMENT_PREFIX_PATH} CMAKE_PREFIX_PATH=/home/xmj/xiaomi_ws/install/xiaomi_interfaces:/opt/ros/humble LD_LIBRARY_PATH=/home/xmj/xiaomi_ws/install/xiaomi_interfaces/lib:/opt/ros/humble/opt/rviz_ogre_vendor/lib:/opt/ros/humble/lib/x86_64-linux-gnu:/opt/ros/humble/lib:/usr/lib/x86_64-linux-gnu/gazebo-11/plugins:/usr/lib/x86_64-linux-gnu/gazebo-11/plugins:/usr/lib/x86_64-linux-gnu/gazebo-11/plugins PYTHONPATH=/home/xmj/xiaomi_ws/install/xiaomi_interfaces/local/lib/python3.10/dist-packages:${PYTHONPATH} /usr/bin/cmake --build /home/xmj/xiaomi_ws/build/xiaomi -- -j8 -l8
[12.978s] Invoking command in '/home/xmj/xiaomi_ws/build/xiaomi': AMENT_PREFIX_PATH=/home/xmj/xiaomi_ws/install/xiaomi_interfaces:${AMENT_PREFIX_PATH} CMAKE_PREFIX_PATH=/home/xmj/xiaomi_ws/install/xiaomi_interfaces:/opt/ros/humble LD_LIBRARY_PATH=/home/xmj/xiaomi_ws/install/xiaomi_interfaces/lib:/opt/ros/humble/opt/rviz_ogre_vendor/lib:/opt/ros/humble/lib/x86_64-linux-gnu:/opt/ros/humble/lib:/usr/lib/x86_64-linux-gnu/gazebo-11/plugins:/usr/lib/x86_64-linux-gnu/gazebo-11/plugins:/usr/lib/x86_64-linux-gnu/gazebo-11/plugins PYTHONPATH=/home/xmj/xiaomi_ws/install/xiaomi_interfaces/local/lib/python3.10/dist-packages:${PYTHONPATH} /usr/bin/cmake --install /home/xmj/xiaomi_ws/build/xiaomi
[12.983s] -- Install configuration: ""
[12.984s] -- Installing: /home/xmj/xiaomi_ws/install/xiaomi/lib/xiaomi/xiaomi_able
[12.984s] -- Set runtime path of "/home/xmj/xiaomi_ws/install/xiaomi/lib/xiaomi/xiaomi_able" to "/usr/local/lib:/opt/ros/humble/lib"
[12.984s] -- Installing: /home/xmj/xiaomi_ws/install/xiaomi/share/ament_index/resource_index/package_run_dependencies/xiaomi
[12.984s] -- Installing: /home/xmj/xiaomi_ws/install/xiaomi/share/ament_index/resource_index/parent_prefix_path/xiaomi
[12.984s] -- Installing: /home/xmj/xiaomi_ws/install/xiaomi/share/xiaomi/environment/ament_prefix_path.sh
[12.984s] -- Installing: /home/xmj/xiaomi_ws/install/xiaomi/share/xiaomi/environment/ament_prefix_path.dsv
[12.985s] -- Installing: /home/xmj/xiaomi_ws/install/xiaomi/share/xiaomi/environment/path.sh
[12.985s] -- Installing: /home/xmj/xiaomi_ws/install/xiaomi/share/xiaomi/environment/path.dsv
[12.985s] -- Installing: /home/xmj/xiaomi_ws/install/xiaomi/share/xiaomi/local_setup.bash
[12.985s] -- Installing: /home/xmj/xiaomi_ws/install/xiaomi/share/xiaomi/local_setup.sh
[12.985s] -- Installing: /home/xmj/xiaomi_ws/install/xiaomi/share/xiaomi/local_setup.zsh
[12.985s] -- Installing: /home/xmj/xiaomi_ws/install/xiaomi/share/xiaomi/local_setup.dsv
[12.986s] -- Installing: /home/xmj/xiaomi_ws/install/xiaomi/share/xiaomi/package.dsv
[12.986s] -- Installing: /home/xmj/xiaomi_ws/install/xiaomi/share/ament_index/resource_index/packages/xiaomi
[12.986s] -- Installing: /home/xmj/xiaomi_ws/install/xiaomi/share/xiaomi/cmake/xiaomiConfig.cmake
[12.986s] -- Installing: /home/xmj/xiaomi_ws/install/xiaomi/share/xiaomi/cmake/xiaomiConfig-version.cmake
[12.986s] -- Installing: /home/xmj/xiaomi_ws/install/xiaomi/share/xiaomi/package.xml
[12.986s] -- Installing: /home/xmj/xiaomi_ws/install/xiaomi/share/xiaomi/launch
[12.987s] -- Installing: /home/xmj/xiaomi_ws/install/xiaomi/share/xiaomi/launch/xiaomi_sue_launch.py
[12.987s] -- Installing: /home/xmj/xiaomi_ws/install/xiaomi/lib/xiaomi/xiaomi_use
[12.988s] -- Set runtime path of "/home/xmj/xiaomi_ws/install/xiaomi/lib/xiaomi/xiaomi_use" to ""
[12.988s] -- Installing: /home/xmj/xiaomi_ws/install/xiaomi/lib/xiaomi/xiaomi_sub
[12.991s] -- Set runtime path of "/home/xmj/xiaomi_ws/install/xiaomi/lib/xiaomi/xiaomi_sub" to ""
[12.992s] -- Installing: /home/xmj/xiaomi_ws/install/xiaomi/lib/xiaomi/xiaomi_msg_pub
[12.992s] -- Set runtime path of "/home/xmj/xiaomi_ws/install/xiaomi/lib/xiaomi/xiaomi_msg_pub" to ""
[12.992s] -- Installing: /home/xmj/xiaomi_ws/install/xiaomi/lib/xiaomi/xiaomi_msg_sub
[12.995s] -- Set runtime path of "/home/xmj/xiaomi_ws/install/xiaomi/lib/xiaomi/xiaomi_msg_sub" to ""
[12.997s] Invoked command in '/home/xmj/xiaomi_ws/build/xiaomi' returned '0': AMENT_PREFIX_PATH=/home/xmj/xiaomi_ws/install/xiaomi_interfaces:${AMENT_PREFIX_PATH} CMAKE_PREFIX_PATH=/home/xmj/xiaomi_ws/install/xiaomi_interfaces:/opt/ros/humble LD_LIBRARY_PATH=/home/xmj/xiaomi_ws/install/xiaomi_interfaces/lib:/opt/ros/humble/opt/rviz_ogre_vendor/lib:/opt/ros/humble/lib/x86_64-linux-gnu:/opt/ros/humble/lib:/usr/lib/x86_64-linux-gnu/gazebo-11/plugins:/usr/lib/x86_64-linux-gnu/gazebo-11/plugins:/usr/lib/x86_64-linux-gnu/gazebo-11/plugins PYTHONPATH=/home/xmj/xiaomi_ws/install/xiaomi_interfaces/local/lib/python3.10/dist-packages:${PYTHONPATH} /usr/bin/cmake --install /home/xmj/xiaomi_ws/build/xiaomi
