[0.085s] DEBUG:colcon:Command line arguments: ['/usr/bin/colcon', 'build', '--packages-select', 'xiaomi']
[0.085s] DEBUG:colcon:Parsed command line arguments: Namespace(log_base=None, log_level=None, verb_name='build', build_base='build', install_base='install', merge_install=False, symlink_install=False, test_result_base=None, continue_on_error=False, executor='parallel', parallel_workers=8, event_handlers=None, ignore_user_meta=False, metas=['./colcon.meta'], base_paths=['.'], packages_ignore=None, packages_ignore_regex=None, paths=None, packages_up_to=None, packages_up_to_regex=None, packages_above=None, packages_above_and_dependencies=None, packages_above_depth=None, packages_select_by_dep=None, packages_skip_by_dep=None, packages_skip_up_to=None, packages_select_build_failed=False, packages_skip_build_finished=False, packages_select_test_failures=False, packages_skip_test_passed=False, packages_select=['xiaomi'], packages_skip=None, packages_select_regex=None, packages_skip_regex=None, packages_start=None, packages_end=None, allow_overriding=[], cmake_args=None, cmake_target=None, cmake_target_skip_unavailable=False, cmake_clean_cache=False, cmake_clean_first=False, cmake_force_configure=False, ament_cmake_args=None, catkin_cmake_args=None, catkin_skip_building_tests=False, verb_parser=<colcon_defaults.argument_parser.defaults.DefaultArgumentsDecorator object at 0x7f6f25750910>, verb_extension=<colcon_core.verb.build.BuildVerb object at 0x7f6f25861540>, main=<bound method BuildVerb.main of <colcon_core.verb.build.BuildVerb object at 0x7f6f25861540>>)
[0.236s] Level 1:colcon.colcon_core.package_discovery:discover_packages(colcon_meta) check parameters
[0.236s] Level 1:colcon.colcon_core.package_discovery:discover_packages(recursive) check parameters
[0.236s] Level 1:colcon.colcon_core.package_discovery:discover_packages(ignore) check parameters
[0.236s] Level 1:colcon.colcon_core.package_discovery:discover_packages(path) check parameters
[0.236s] Level 1:colcon.colcon_core.package_discovery:discover_packages(colcon_meta) discover
[0.236s] Level 1:colcon.colcon_core.package_discovery:discover_packages(recursive) discover
[0.236s] INFO:colcon.colcon_core.package_discovery:Crawling recursively for packages in '/home/xmj/xiaomi_ws'
[0.236s] Level 1:colcon.colcon_core.package_identification:_identify(.) by extensions ['ignore', 'ignore_ament_install']
[0.236s] Level 1:colcon.colcon_core.package_identification:_identify(.) by extension 'ignore'
[0.236s] Level 1:colcon.colcon_core.package_identification:_identify(.) by extension 'ignore_ament_install'
[0.236s] Level 1:colcon.colcon_core.package_identification:_identify(.) by extensions ['colcon_pkg']
[0.236s] Level 1:colcon.colcon_core.package_identification:_identify(.) by extension 'colcon_pkg'
[0.237s] Level 1:colcon.colcon_core.package_identification:_identify(.) by extensions ['colcon_meta']
[0.237s] Level 1:colcon.colcon_core.package_identification:_identify(.) by extension 'colcon_meta'
[0.237s] Level 1:colcon.colcon_core.package_identification:_identify(.) by extensions ['ros']
[0.237s] Level 1:colcon.colcon_core.package_identification:_identify(.) by extension 'ros'
[0.245s] Level 1:colcon.colcon_core.package_identification:_identify(.) by extensions ['cmake', 'python']
[0.245s] Level 1:colcon.colcon_core.package_identification:_identify(.) by extension 'cmake'
[0.245s] Level 1:colcon.colcon_core.package_identification:_identify(.) by extension 'python'
[0.245s] Level 1:colcon.colcon_core.package_identification:_identify(.) by extensions ['python_setup_py']
[0.245s] Level 1:colcon.colcon_core.package_identification:_identify(.) by extension 'python_setup_py'
[0.245s] Level 1:colcon.colcon_core.package_identification:_identify(build) by extensions ['ignore', 'ignore_ament_install']
[0.246s] Level 1:colcon.colcon_core.package_identification:_identify(build) by extension 'ignore'
[0.246s] Level 1:colcon.colcon_core.package_identification:_identify(build) ignored
[0.246s] Level 1:colcon.colcon_core.package_identification:_identify(install) by extensions ['ignore', 'ignore_ament_install']
[0.246s] Level 1:colcon.colcon_core.package_identification:_identify(install) by extension 'ignore'
[0.246s] Level 1:colcon.colcon_core.package_identification:_identify(install) ignored
[0.246s] Level 1:colcon.colcon_core.package_identification:_identify(log) by extensions ['ignore', 'ignore_ament_install']
[0.247s] Level 1:colcon.colcon_core.package_identification:_identify(log) by extension 'ignore'
[0.247s] Level 1:colcon.colcon_core.package_identification:_identify(log) ignored
[0.247s] Level 1:colcon.colcon_core.package_identification:_identify(src) by extensions ['ignore', 'ignore_ament_install']
[0.247s] Level 1:colcon.colcon_core.package_identification:_identify(src) by extension 'ignore'
[0.247s] Level 1:colcon.colcon_core.package_identification:_identify(src) by extension 'ignore_ament_install'
[0.247s] Level 1:colcon.colcon_core.package_identification:_identify(src) by extensions ['colcon_pkg']
[0.247s] Level 1:colcon.colcon_core.package_identification:_identify(src) by extension 'colcon_pkg'
[0.247s] Level 1:colcon.colcon_core.package_identification:_identify(src) by extensions ['colcon_meta']
[0.247s] Level 1:colcon.colcon_core.package_identification:_identify(src) by extension 'colcon_meta'
[0.247s] Level 1:colcon.colcon_core.package_identification:_identify(src) by extensions ['ros']
[0.247s] Level 1:colcon.colcon_core.package_identification:_identify(src) by extension 'ros'
[0.247s] Level 1:colcon.colcon_core.package_identification:_identify(src) by extensions ['cmake', 'python']
[0.247s] Level 1:colcon.colcon_core.package_identification:_identify(src) by extension 'cmake'
[0.247s] Level 1:colcon.colcon_core.package_identification:_identify(src) by extension 'python'
[0.247s] Level 1:colcon.colcon_core.package_identification:_identify(src) by extensions ['python_setup_py']
[0.247s] Level 1:colcon.colcon_core.package_identification:_identify(src) by extension 'python_setup_py'
[0.247s] Level 1:colcon.colcon_core.package_identification:_identify(src/xiaomi) by extensions ['ignore', 'ignore_ament_install']
[0.247s] Level 1:colcon.colcon_core.package_identification:_identify(src/xiaomi) by extension 'ignore'
[0.248s] Level 1:colcon.colcon_core.package_identification:_identify(src/xiaomi) by extension 'ignore_ament_install'
[0.248s] Level 1:colcon.colcon_core.package_identification:_identify(src/xiaomi) by extensions ['colcon_pkg']
[0.248s] Level 1:colcon.colcon_core.package_identification:_identify(src/xiaomi) by extension 'colcon_pkg'
[0.248s] Level 1:colcon.colcon_core.package_identification:_identify(src/xiaomi) by extensions ['colcon_meta']
[0.248s] Level 1:colcon.colcon_core.package_identification:_identify(src/xiaomi) by extension 'colcon_meta'
[0.248s] Level 1:colcon.colcon_core.package_identification:_identify(src/xiaomi) by extensions ['ros']
[0.248s] Level 1:colcon.colcon_core.package_identification:_identify(src/xiaomi) by extension 'ros'
[0.250s] DEBUG:colcon.colcon_core.package_identification:Package 'src/xiaomi' with type 'ros.ament_cmake' and name 'xiaomi'
[0.250s] Level 1:colcon.colcon_core.package_identification:_identify(src/xiaomi_interfaces) by extensions ['ignore', 'ignore_ament_install']
[0.250s] Level 1:colcon.colcon_core.package_identification:_identify(src/xiaomi_interfaces) by extension 'ignore'
[0.250s] Level 1:colcon.colcon_core.package_identification:_identify(src/xiaomi_interfaces) by extension 'ignore_ament_install'
[0.250s] Level 1:colcon.colcon_core.package_identification:_identify(src/xiaomi_interfaces) by extensions ['colcon_pkg']
[0.250s] Level 1:colcon.colcon_core.package_identification:_identify(src/xiaomi_interfaces) by extension 'colcon_pkg'
[0.250s] Level 1:colcon.colcon_core.package_identification:_identify(src/xiaomi_interfaces) by extensions ['colcon_meta']
[0.250s] Level 1:colcon.colcon_core.package_identification:_identify(src/xiaomi_interfaces) by extension 'colcon_meta'
[0.250s] Level 1:colcon.colcon_core.package_identification:_identify(src/xiaomi_interfaces) by extensions ['ros']
[0.250s] Level 1:colcon.colcon_core.package_identification:_identify(src/xiaomi_interfaces) by extension 'ros'
[0.251s] DEBUG:colcon.colcon_core.package_identification:Package 'src/xiaomi_interfaces' with type 'ros.ament_cmake' and name 'xiaomi_interfaces'
[0.251s] Level 1:colcon.colcon_core.package_discovery:discover_packages(recursive) using defaults
[0.251s] Level 1:colcon.colcon_core.package_discovery:discover_packages(ignore) discover
[0.251s] Level 1:colcon.colcon_core.package_discovery:discover_packages(ignore) using defaults
[0.251s] Level 1:colcon.colcon_core.package_discovery:discover_packages(path) discover
[0.251s] Level 1:colcon.colcon_core.package_discovery:discover_packages(path) using defaults
[0.274s] INFO:colcon.colcon_core.package_selection:Skipping not selected package 'xiaomi_interfaces' in 'src/xiaomi_interfaces'
[0.274s] Level 1:colcon.colcon_core.package_discovery:discover_packages(prefix_path) check parameters
[0.274s] Level 1:colcon.colcon_core.package_discovery:discover_packages(prefix_path) discover
[0.276s] DEBUG:colcon.colcon_installed_package_information.package_discovery:Found 376 installed packages in /opt/ros/humble
[0.278s] Level 1:colcon.colcon_core.package_discovery:discover_packages(prefix_path) using defaults
[0.314s] Level 5:colcon.colcon_core.verb:set package 'xiaomi' build argument 'cmake_args' from command line to 'None'
[0.314s] Level 5:colcon.colcon_core.verb:set package 'xiaomi' build argument 'cmake_target' from command line to 'None'
[0.314s] Level 5:colcon.colcon_core.verb:set package 'xiaomi' build argument 'cmake_target_skip_unavailable' from command line to 'False'
[0.314s] Level 5:colcon.colcon_core.verb:set package 'xiaomi' build argument 'cmake_clean_cache' from command line to 'False'
[0.314s] Level 5:colcon.colcon_core.verb:set package 'xiaomi' build argument 'cmake_clean_first' from command line to 'False'
[0.314s] Level 5:colcon.colcon_core.verb:set package 'xiaomi' build argument 'cmake_force_configure' from command line to 'False'
[0.314s] Level 5:colcon.colcon_core.verb:set package 'xiaomi' build argument 'ament_cmake_args' from command line to 'None'
[0.314s] Level 5:colcon.colcon_core.verb:set package 'xiaomi' build argument 'catkin_cmake_args' from command line to 'None'
[0.314s] Level 5:colcon.colcon_core.verb:set package 'xiaomi' build argument 'catkin_skip_building_tests' from command line to 'False'
[0.314s] DEBUG:colcon.colcon_core.verb:Building package 'xiaomi' with the following arguments: {'ament_cmake_args': None, 'build_base': '/home/xmj/xiaomi_ws/build/xiaomi', 'catkin_cmake_args': None, 'catkin_skip_building_tests': False, 'cmake_args': None, 'cmake_clean_cache': False, 'cmake_clean_first': False, 'cmake_force_configure': False, 'cmake_target': None, 'cmake_target_skip_unavailable': False, 'install_base': '/home/xmj/xiaomi_ws/install/xiaomi', 'merge_install': False, 'path': '/home/xmj/xiaomi_ws/src/xiaomi', 'symlink_install': False, 'test_result_base': None}
[0.314s] INFO:colcon.colcon_core.executor:Executing jobs using 'parallel' executor
[0.315s] DEBUG:colcon.colcon_parallel_executor.executor.parallel:run_until_complete
[0.316s] INFO:colcon.colcon_ros.task.ament_cmake.build:Building ROS package in '/home/xmj/xiaomi_ws/src/xiaomi' with build type 'ament_cmake'
[0.316s] INFO:colcon.colcon_cmake.task.cmake.build:Building CMake package in '/home/xmj/xiaomi_ws/src/xiaomi'
[0.318s] INFO:colcon.colcon_core.plugin_system:Skipping extension 'colcon_core.shell.bat': Not used on non-Windows systems
[0.318s] INFO:colcon.colcon_core.shell:Skip shell extension 'powershell' for command environment: Not usable outside of PowerShell
[0.318s] DEBUG:colcon.colcon_core.shell:Skip shell extension 'dsv' for command environment
[0.328s] DEBUG:colcon.colcon_core.event_handler.log_command:Invoking command in '/home/xmj/xiaomi_ws/build/xiaomi': AMENT_PREFIX_PATH=/home/xmj/xiaomi_ws/install/xiaomi_interfaces:${AMENT_PREFIX_PATH} CMAKE_PREFIX_PATH=/home/xmj/xiaomi_ws/install/xiaomi_interfaces:/opt/ros/humble LD_LIBRARY_PATH=/home/xmj/xiaomi_ws/install/xiaomi_interfaces/lib:/opt/ros/humble/opt/rviz_ogre_vendor/lib:/opt/ros/humble/lib/x86_64-linux-gnu:/opt/ros/humble/lib:/usr/lib/x86_64-linux-gnu/gazebo-11/plugins:/usr/lib/x86_64-linux-gnu/gazebo-11/plugins:/usr/lib/x86_64-linux-gnu/gazebo-11/plugins PYTHONPATH=/home/xmj/xiaomi_ws/install/xiaomi_interfaces/local/lib/python3.10/dist-packages:${PYTHONPATH} /usr/bin/cmake /home/xmj/xiaomi_ws/src/xiaomi -DCMAKE_INSTALL_PREFIX=/home/xmj/xiaomi_ws/install/xiaomi
[1.639s] DEBUG:colcon.colcon_core.event_handler.log_command:Invoked command in '/home/xmj/xiaomi_ws/build/xiaomi' returned '0': AMENT_PREFIX_PATH=/home/xmj/xiaomi_ws/install/xiaomi_interfaces:${AMENT_PREFIX_PATH} CMAKE_PREFIX_PATH=/home/xmj/xiaomi_ws/install/xiaomi_interfaces:/opt/ros/humble LD_LIBRARY_PATH=/home/xmj/xiaomi_ws/install/xiaomi_interfaces/lib:/opt/ros/humble/opt/rviz_ogre_vendor/lib:/opt/ros/humble/lib/x86_64-linux-gnu:/opt/ros/humble/lib:/usr/lib/x86_64-linux-gnu/gazebo-11/plugins:/usr/lib/x86_64-linux-gnu/gazebo-11/plugins:/usr/lib/x86_64-linux-gnu/gazebo-11/plugins PYTHONPATH=/home/xmj/xiaomi_ws/install/xiaomi_interfaces/local/lib/python3.10/dist-packages:${PYTHONPATH} /usr/bin/cmake /home/xmj/xiaomi_ws/src/xiaomi -DCMAKE_INSTALL_PREFIX=/home/xmj/xiaomi_ws/install/xiaomi
[1.642s] DEBUG:colcon.colcon_core.event_handler.log_command:Invoking command in '/home/xmj/xiaomi_ws/build/xiaomi': AMENT_PREFIX_PATH=/home/xmj/xiaomi_ws/install/xiaomi_interfaces:${AMENT_PREFIX_PATH} CMAKE_PREFIX_PATH=/home/xmj/xiaomi_ws/install/xiaomi_interfaces:/opt/ros/humble LD_LIBRARY_PATH=/home/xmj/xiaomi_ws/install/xiaomi_interfaces/lib:/opt/ros/humble/opt/rviz_ogre_vendor/lib:/opt/ros/humble/lib/x86_64-linux-gnu:/opt/ros/humble/lib:/usr/lib/x86_64-linux-gnu/gazebo-11/plugins:/usr/lib/x86_64-linux-gnu/gazebo-11/plugins:/usr/lib/x86_64-linux-gnu/gazebo-11/plugins PYTHONPATH=/home/xmj/xiaomi_ws/install/xiaomi_interfaces/local/lib/python3.10/dist-packages:${PYTHONPATH} /usr/bin/cmake --build /home/xmj/xiaomi_ws/build/xiaomi -- -j8 -l8
[13.244s] DEBUG:colcon.colcon_core.event_handler.log_command:Invoked command in '/home/xmj/xiaomi_ws/build/xiaomi' returned '0': AMENT_PREFIX_PATH=/home/xmj/xiaomi_ws/install/xiaomi_interfaces:${AMENT_PREFIX_PATH} CMAKE_PREFIX_PATH=/home/xmj/xiaomi_ws/install/xiaomi_interfaces:/opt/ros/humble LD_LIBRARY_PATH=/home/xmj/xiaomi_ws/install/xiaomi_interfaces/lib:/opt/ros/humble/opt/rviz_ogre_vendor/lib:/opt/ros/humble/lib/x86_64-linux-gnu:/opt/ros/humble/lib:/usr/lib/x86_64-linux-gnu/gazebo-11/plugins:/usr/lib/x86_64-linux-gnu/gazebo-11/plugins:/usr/lib/x86_64-linux-gnu/gazebo-11/plugins PYTHONPATH=/home/xmj/xiaomi_ws/install/xiaomi_interfaces/local/lib/python3.10/dist-packages:${PYTHONPATH} /usr/bin/cmake --build /home/xmj/xiaomi_ws/build/xiaomi -- -j8 -l8
[13.294s] DEBUG:colcon.colcon_core.event_handler.log_command:Invoking command in '/home/xmj/xiaomi_ws/build/xiaomi': AMENT_PREFIX_PATH=/home/xmj/xiaomi_ws/install/xiaomi_interfaces:${AMENT_PREFIX_PATH} CMAKE_PREFIX_PATH=/home/xmj/xiaomi_ws/install/xiaomi_interfaces:/opt/ros/humble LD_LIBRARY_PATH=/home/xmj/xiaomi_ws/install/xiaomi_interfaces/lib:/opt/ros/humble/opt/rviz_ogre_vendor/lib:/opt/ros/humble/lib/x86_64-linux-gnu:/opt/ros/humble/lib:/usr/lib/x86_64-linux-gnu/gazebo-11/plugins:/usr/lib/x86_64-linux-gnu/gazebo-11/plugins:/usr/lib/x86_64-linux-gnu/gazebo-11/plugins PYTHONPATH=/home/xmj/xiaomi_ws/install/xiaomi_interfaces/local/lib/python3.10/dist-packages:${PYTHONPATH} /usr/bin/cmake --install /home/xmj/xiaomi_ws/build/xiaomi
[13.313s] Level 1:colcon.colcon_core.environment:create_environment_scripts_only(xiaomi)
[13.313s] DEBUG:colcon.colcon_core.event_handler.log_command:Invoked command in '/home/xmj/xiaomi_ws/build/xiaomi' returned '0': AMENT_PREFIX_PATH=/home/xmj/xiaomi_ws/install/xiaomi_interfaces:${AMENT_PREFIX_PATH} CMAKE_PREFIX_PATH=/home/xmj/xiaomi_ws/install/xiaomi_interfaces:/opt/ros/humble LD_LIBRARY_PATH=/home/xmj/xiaomi_ws/install/xiaomi_interfaces/lib:/opt/ros/humble/opt/rviz_ogre_vendor/lib:/opt/ros/humble/lib/x86_64-linux-gnu:/opt/ros/humble/lib:/usr/lib/x86_64-linux-gnu/gazebo-11/plugins:/usr/lib/x86_64-linux-gnu/gazebo-11/plugins:/usr/lib/x86_64-linux-gnu/gazebo-11/plugins PYTHONPATH=/home/xmj/xiaomi_ws/install/xiaomi_interfaces/local/lib/python3.10/dist-packages:${PYTHONPATH} /usr/bin/cmake --install /home/xmj/xiaomi_ws/build/xiaomi
[13.315s] Level 1:colcon.colcon_core.environment:checking '/home/xmj/xiaomi_ws/install/xiaomi' for CMake module files
[13.315s] Level 1:colcon.colcon_core.environment:checking '/home/xmj/xiaomi_ws/install/xiaomi' for CMake config files
[13.316s] Level 1:colcon.colcon_core.shell:create_environment_hook('xiaomi', 'cmake_prefix_path')
[13.316s] INFO:colcon.colcon_core.shell:Creating environment hook '/home/xmj/xiaomi_ws/install/xiaomi/share/xiaomi/hook/cmake_prefix_path.ps1'
[13.316s] INFO:colcon.colcon_core.shell:Creating environment descriptor '/home/xmj/xiaomi_ws/install/xiaomi/share/xiaomi/hook/cmake_prefix_path.dsv'
[13.317s] INFO:colcon.colcon_core.shell:Creating environment hook '/home/xmj/xiaomi_ws/install/xiaomi/share/xiaomi/hook/cmake_prefix_path.sh'
[13.317s] Level 1:colcon.colcon_core.environment:checking '/home/xmj/xiaomi_ws/install/xiaomi/lib'
[13.317s] Level 1:colcon.colcon_core.environment:checking '/home/xmj/xiaomi_ws/install/xiaomi/bin'
[13.317s] Level 1:colcon.colcon_core.environment:checking '/home/xmj/xiaomi_ws/install/xiaomi/lib/pkgconfig/xiaomi.pc'
[13.318s] Level 1:colcon.colcon_core.environment:checking '/home/xmj/xiaomi_ws/install/xiaomi/lib/python3.10/site-packages'
[13.318s] Level 1:colcon.colcon_core.environment:checking '/home/xmj/xiaomi_ws/install/xiaomi/bin'
[13.318s] INFO:colcon.colcon_core.shell:Creating package script '/home/xmj/xiaomi_ws/install/xiaomi/share/xiaomi/package.ps1'
[13.319s] INFO:colcon.colcon_core.shell:Creating package descriptor '/home/xmj/xiaomi_ws/install/xiaomi/share/xiaomi/package.dsv'
[13.319s] INFO:colcon.colcon_core.shell:Creating package script '/home/xmj/xiaomi_ws/install/xiaomi/share/xiaomi/package.sh'
[13.320s] INFO:colcon.colcon_core.shell:Creating package script '/home/xmj/xiaomi_ws/install/xiaomi/share/xiaomi/package.bash'
[13.321s] INFO:colcon.colcon_core.shell:Creating package script '/home/xmj/xiaomi_ws/install/xiaomi/share/xiaomi/package.zsh'
[13.321s] Level 1:colcon.colcon_core.environment:create_file_with_runtime_dependencies(/home/xmj/xiaomi_ws/install/xiaomi/share/colcon-core/packages/xiaomi)
[13.356s] Level 1:colcon.colcon_core.environment:create_environment_scripts_only(xiaomi)
[13.356s] Level 1:colcon.colcon_core.environment:checking '/home/xmj/xiaomi_ws/install/xiaomi' for CMake module files
[13.356s] Level 1:colcon.colcon_core.environment:checking '/home/xmj/xiaomi_ws/install/xiaomi' for CMake config files
[13.357s] Level 1:colcon.colcon_core.shell:create_environment_hook('xiaomi', 'cmake_prefix_path')
[13.357s] INFO:colcon.colcon_core.shell:Creating environment hook '/home/xmj/xiaomi_ws/install/xiaomi/share/xiaomi/hook/cmake_prefix_path.ps1'
[13.357s] INFO:colcon.colcon_core.shell:Creating environment descriptor '/home/xmj/xiaomi_ws/install/xiaomi/share/xiaomi/hook/cmake_prefix_path.dsv'
[13.358s] INFO:colcon.colcon_core.shell:Creating environment hook '/home/xmj/xiaomi_ws/install/xiaomi/share/xiaomi/hook/cmake_prefix_path.sh'
[13.358s] Level 1:colcon.colcon_core.environment:checking '/home/xmj/xiaomi_ws/install/xiaomi/lib'
[13.358s] Level 1:colcon.colcon_core.environment:checking '/home/xmj/xiaomi_ws/install/xiaomi/bin'
[13.358s] Level 1:colcon.colcon_core.environment:checking '/home/xmj/xiaomi_ws/install/xiaomi/lib/pkgconfig/xiaomi.pc'
[13.358s] Level 1:colcon.colcon_core.environment:checking '/home/xmj/xiaomi_ws/install/xiaomi/lib/python3.10/site-packages'
[13.359s] Level 1:colcon.colcon_core.environment:checking '/home/xmj/xiaomi_ws/install/xiaomi/bin'
[13.359s] INFO:colcon.colcon_core.shell:Creating package script '/home/xmj/xiaomi_ws/install/xiaomi/share/xiaomi/package.ps1'
[13.359s] INFO:colcon.colcon_core.shell:Creating package descriptor '/home/xmj/xiaomi_ws/install/xiaomi/share/xiaomi/package.dsv'
[13.360s] INFO:colcon.colcon_core.shell:Creating package script '/home/xmj/xiaomi_ws/install/xiaomi/share/xiaomi/package.sh'
[13.360s] INFO:colcon.colcon_core.shell:Creating package script '/home/xmj/xiaomi_ws/install/xiaomi/share/xiaomi/package.bash'
[13.361s] INFO:colcon.colcon_core.shell:Creating package script '/home/xmj/xiaomi_ws/install/xiaomi/share/xiaomi/package.zsh'
[13.361s] Level 1:colcon.colcon_core.environment:create_file_with_runtime_dependencies(/home/xmj/xiaomi_ws/install/xiaomi/share/colcon-core/packages/xiaomi)
[13.361s] DEBUG:colcon.colcon_parallel_executor.executor.parallel:closing loop
[13.362s] DEBUG:colcon.colcon_parallel_executor.executor.parallel:loop closed
[13.362s] DEBUG:colcon.colcon_parallel_executor.executor.parallel:run_until_complete finished with '0'
[13.362s] DEBUG:colcon.colcon_core.event_reactor:joining thread
[13.368s] INFO:colcon.colcon_core.plugin_system:Skipping extension 'colcon_notification.desktop_notification.terminal_notifier': Not used on non-Darwin systems
[13.369s] INFO:colcon.colcon_core.plugin_system:Skipping extension 'colcon_notification.desktop_notification.win32': Not used on non-Windows systems
[13.369s] INFO:colcon.colcon_notification.desktop_notification:Sending desktop notification using 'notify2'
[13.385s] DEBUG:colcon.colcon_core.event_reactor:joined thread
[13.385s] INFO:colcon.colcon_core.shell:Creating prefix script '/home/xmj/xiaomi_ws/install/local_setup.ps1'
[13.386s] INFO:colcon.colcon_core.shell:Creating prefix util module '/home/xmj/xiaomi_ws/install/_local_setup_util_ps1.py'
[13.388s] INFO:colcon.colcon_core.shell:Creating prefix chain script '/home/xmj/xiaomi_ws/install/setup.ps1'
[13.389s] INFO:colcon.colcon_core.shell:Creating prefix script '/home/xmj/xiaomi_ws/install/local_setup.sh'
[13.390s] INFO:colcon.colcon_core.shell:Creating prefix util module '/home/xmj/xiaomi_ws/install/_local_setup_util_sh.py'
[13.391s] INFO:colcon.colcon_core.shell:Creating prefix chain script '/home/xmj/xiaomi_ws/install/setup.sh'
[13.392s] INFO:colcon.colcon_core.shell:Creating prefix script '/home/xmj/xiaomi_ws/install/local_setup.bash'
[13.392s] INFO:colcon.colcon_core.shell:Creating prefix chain script '/home/xmj/xiaomi_ws/install/setup.bash'
[13.393s] INFO:colcon.colcon_core.shell:Creating prefix script '/home/xmj/xiaomi_ws/install/local_setup.zsh'
[13.394s] INFO:colcon.colcon_core.shell:Creating prefix chain script '/home/xmj/xiaomi_ws/install/setup.zsh'
