[0.009s] Invoking command in '/home/xmj/xiaomi_ws/build/xiaomi_interfaces': CMAKE_PREFIX_PATH=/opt/ros/humble /usr/bin/cmake /home/xmj/xiaomi_ws/src/xiaomi_interfaces -DCMAKE_INSTALL_PREFIX=/home/xmj/xiaomi_ws/install/xiaomi_interfaces
[0.089s] -- The C compiler identification is GNU 11.4.0
[0.154s] -- The CXX compiler identification is GNU 11.4.0
[0.162s] -- Detecting C compiler ABI info
[0.228s] -- Detecting C compiler ABI info - done
[0.236s] -- Check for working C compiler: /usr/bin/cc - skipped
[0.236s] -- Detecting C compile features
[0.237s] -- Detecting C compile features - done
[0.240s] -- Detecting CXX compiler ABI info
[0.315s] -- Detecting CXX compiler ABI info - done
[0.325s] -- Check for working CXX compiler: /usr/bin/c++ - skipped
[0.325s] -- Detecting CXX compile features
[0.326s] -- Detecting CXX compile features - done
[0.332s] -- Found ament_cmake: 1.3.8 (/opt/ros/humble/share/ament_cmake/cmake)
[0.479s] -- Found Python3: /usr/bin/python3 (found version "3.10.12") found components: Interpreter 
[0.571s] -- Found rosidl_default_generators: 1.2.0 (/opt/ros/humble/share/rosidl_default_generators/cmake)
[0.574s] -- Using all available rosidl_typesupport_c: rosidl_typesupport_fastrtps_c;rosidl_typesupport_introspection_c
[0.581s] -- Found rosidl_adapter: 3.1.5 (/opt/ros/humble/share/rosidl_adapter/cmake)
[0.629s] -- Using all available rosidl_typesupport_cpp: rosidl_typesupport_fastrtps_cpp;rosidl_typesupport_introspection_cpp
[0.898s] -- Found ament_cmake_ros: 0.10.0 (/opt/ros/humble/share/ament_cmake_ros/cmake)
[1.090s] -- Using all available rosidl_typesupport_c: rosidl_typesupport_fastrtps_c;rosidl_typesupport_introspection_c
[1.329s] -- Using all available rosidl_typesupport_cpp: rosidl_typesupport_fastrtps_cpp;rosidl_typesupport_introspection_cpp
[1.356s] -- Found PythonInterp: /usr/bin/python3 (found suitable version "3.10.12", minimum required is "3.6") 
[1.358s] -- Found python_cmake_module: 0.10.0 (/opt/ros/humble/share/python_cmake_module/cmake)
[1.383s] -- Found PythonLibs: /usr/lib/x86_64-linux-gnu/libpython3.10.so (found suitable version "3.10.12", minimum required is "3.5") 
[1.383s] -- Using PYTHON_EXECUTABLE: /usr/bin/python3
[1.383s] -- Using PYTHON_INCLUDE_DIRS: /usr/include/python3.10
[1.383s] -- Using PYTHON_LIBRARIES: /usr/lib/x86_64-linux-gnu/libpython3.10.so
[1.405s] -- Found PythonExtra: .so  
[1.441s] -- Found ament_lint_auto: 0.12.10 (/opt/ros/humble/share/ament_lint_auto/cmake)
[1.467s] -- Added test 'lint_cmake' to check CMake code style
[1.469s] -- Added test 'xmllint' to check XML markup files
[1.471s] -- Configuring done
[1.495s] -- Generating done
[1.497s] -- Build files have been written to: /home/xmj/xiaomi_ws/build/xiaomi_interfaces
[1.504s] Invoked command in '/home/xmj/xiaomi_ws/build/xiaomi_interfaces' returned '0': CMAKE_PREFIX_PATH=/opt/ros/humble /usr/bin/cmake /home/xmj/xiaomi_ws/src/xiaomi_interfaces -DCMAKE_INSTALL_PREFIX=/home/xmj/xiaomi_ws/install/xiaomi_interfaces
[1.506s] Invoking command in '/home/xmj/xiaomi_ws/build/xiaomi_interfaces': CMAKE_PREFIX_PATH=/opt/ros/humble /usr/bin/cmake --build /home/xmj/xiaomi_ws/build/xiaomi_interfaces -- -j8 -l8
[1.546s] [  3%] [34m[1mGenerating C code for ROS interfaces[0m
[1.557s] [  6%] [34m[1mGenerating C++ code for ROS interfaces[0m
[1.565s] [  6%] Built target ament_cmake_python_copy_xiaomi_interfaces
[1.932s] [  9%] [32mBuilding C object CMakeFiles/xiaomi_interfaces__rosidl_generator_c.dir/rosidl_generator_c/xiaomi_interfaces/msg/detail/xiaomi__functions.c.o[0m
[1.943s] running egg_info
[1.944s] creating xiaomi_interfaces.egg-info
[1.944s] writing xiaomi_interfaces.egg-info/PKG-INFO
[1.944s] writing dependency_links to xiaomi_interfaces.egg-info/dependency_links.txt
[1.944s] writing top-level names to xiaomi_interfaces.egg-info/top_level.txt
[1.944s] writing manifest file 'xiaomi_interfaces.egg-info/SOURCES.txt'
[1.951s] reading manifest file 'xiaomi_interfaces.egg-info/SOURCES.txt'
[1.951s] writing manifest file 'xiaomi_interfaces.egg-info/SOURCES.txt'
[1.954s] [  9%] Built target xiaomi_interfaces__cpp
[1.973s] [ 12%] [34m[1mGenerating C++ introspection for ROS interfaces[0m
[1.974s] [ 16%] [34m[1mGenerating C++ type support for eProsima Fast-RTPS[0m
[1.975s] [ 19%] [34m[1mGenerating C++ type support dispatch for ROS interfaces[0m
[2.024s] [ 22%] [32m[1mLinking C shared library libxiaomi_interfaces__rosidl_generator_c.so[0m
[2.024s] [ 22%] Built target ament_cmake_python_build_xiaomi_interfaces_egg
[2.075s] [ 22%] Built target xiaomi_interfaces__rosidl_generator_c
[2.089s] [ 25%] [34m[1mGenerating C type support for eProsima Fast-RTPS[0m
[2.090s] [ 29%] [34m[1mGenerating C introspection for ROS interfaces[0m
[2.093s] [ 32%] [34m[1mGenerating C type support dispatch for ROS interfaces[0m
[2.430s] [ 35%] [32mBuilding CXX object CMakeFiles/xiaomi_interfaces__rosidl_typesupport_cpp.dir/rosidl_typesupport_cpp/xiaomi_interfaces/msg/xiaomi__type_support.cpp.o[0m
[2.477s] [ 38%] [32mBuilding CXX object CMakeFiles/xiaomi_interfaces__rosidl_typesupport_introspection_cpp.dir/rosidl_typesupport_introspection_cpp/xiaomi_interfaces/msg/detail/xiaomi__type_support.cpp.o[0m
[2.497s] [ 41%] [32mBuilding CXX object CMakeFiles/xiaomi_interfaces__rosidl_typesupport_c.dir/rosidl_typesupport_c/xiaomi_interfaces/msg/xiaomi__type_support.cpp.o[0m
[2.510s] [ 45%] [32mBuilding CXX object CMakeFiles/xiaomi_interfaces__rosidl_typesupport_fastrtps_cpp.dir/rosidl_typesupport_fastrtps_cpp/xiaomi_interfaces/msg/detail/dds_fastrtps/xiaomi__type_support.cpp.o[0m
[2.557s] [ 48%] [32m[1mLinking CXX shared library libxiaomi_interfaces__rosidl_typesupport_c.so[0m
[2.573s] [ 51%] [32mBuilding CXX object CMakeFiles/xiaomi_interfaces__rosidl_typesupport_fastrtps_c.dir/rosidl_typesupport_fastrtps_c/xiaomi_interfaces/msg/detail/xiaomi__type_support_c.cpp.o[0m
[2.580s] [ 54%] [32mBuilding C object CMakeFiles/xiaomi_interfaces__rosidl_typesupport_introspection_c.dir/rosidl_typesupport_introspection_c/xiaomi_interfaces/msg/detail/xiaomi__type_support.c.o[0m
[2.614s] [ 54%] Built target xiaomi_interfaces__rosidl_typesupport_c
[2.637s] [ 58%] [32m[1mLinking C shared library libxiaomi_interfaces__rosidl_typesupport_introspection_c.so[0m
[2.676s] [ 58%] Built target xiaomi_interfaces__rosidl_typesupport_introspection_c
[2.856s] [ 61%] [32m[1mLinking CXX shared library libxiaomi_interfaces__rosidl_typesupport_cpp.so[0m
[2.897s] [ 61%] Built target xiaomi_interfaces__rosidl_typesupport_cpp
[2.975s] [ 64%] [32m[1mLinking CXX shared library libxiaomi_interfaces__rosidl_typesupport_fastrtps_cpp.so[0m
[3.072s] [ 67%] [32m[1mLinking CXX shared library libxiaomi_interfaces__rosidl_typesupport_introspection_cpp.so[0m
[3.073s] [ 67%] Built target xiaomi_interfaces__rosidl_typesupport_fastrtps_cpp
[3.080s] [ 70%] [32m[1mLinking CXX shared library libxiaomi_interfaces__rosidl_typesupport_fastrtps_c.so[0m
[3.109s] [ 70%] Built target xiaomi_interfaces__rosidl_typesupport_introspection_cpp
[3.159s] [ 70%] Built target xiaomi_interfaces__rosidl_typesupport_fastrtps_c
[3.177s] [ 70%] Built target xiaomi_interfaces
[3.194s] [ 74%] [34m[1mGenerating Python code for ROS interfaces[0m
[3.474s] [ 74%] Built target xiaomi_interfaces__py
[3.492s] [ 77%] [32mBuilding C object CMakeFiles/xiaomi_interfaces__rosidl_generator_py.dir/rosidl_generator_py/xiaomi_interfaces/msg/_xiaomi_s.c.o[0m
[3.586s] [ 80%] [32m[1mLinking C shared library rosidl_generator_py/xiaomi_interfaces/libxiaomi_interfaces__rosidl_generator_py.so[0m
[3.621s] [ 80%] Built target xiaomi_interfaces__rosidl_generator_py
[3.642s] [ 90%] [32mBuilding C object CMakeFiles/xiaomi_interfaces__rosidl_typesupport_fastrtps_c__pyext.dir/rosidl_generator_py/xiaomi_interfaces/_xiaomi_interfaces_s.ep.rosidl_typesupport_fastrtps_c.c.o[0m
[3.642s] [ 90%] [32mBuilding C object CMakeFiles/xiaomi_interfaces__rosidl_typesupport_introspection_c__pyext.dir/rosidl_generator_py/xiaomi_interfaces/_xiaomi_interfaces_s.ep.rosidl_typesupport_introspection_c.c.o[0m
[3.642s] [ 90%] [32mBuilding C object CMakeFiles/xiaomi_interfaces__rosidl_typesupport_c__pyext.dir/rosidl_generator_py/xiaomi_interfaces/_xiaomi_interfaces_s.ep.rosidl_typesupport_c.c.o[0m
[3.722s] [ 93%] [32m[1mLinking C shared library rosidl_generator_py/xiaomi_interfaces/xiaomi_interfaces_s__rosidl_typesupport_c.cpython-310-x86_64-linux-gnu.so[0m
[3.722s] [ 96%] [32m[1mLinking C shared library rosidl_generator_py/xiaomi_interfaces/xiaomi_interfaces_s__rosidl_typesupport_introspection_c.cpython-310-x86_64-linux-gnu.so[0m
[3.731s] [100%] [32m[1mLinking C shared library rosidl_generator_py/xiaomi_interfaces/xiaomi_interfaces_s__rosidl_typesupport_fastrtps_c.cpython-310-x86_64-linux-gnu.so[0m
[3.759s] [100%] Built target xiaomi_interfaces__rosidl_typesupport_c__pyext
[3.763s] [100%] Built target xiaomi_interfaces__rosidl_typesupport_introspection_c__pyext
[3.768s] [100%] Built target xiaomi_interfaces__rosidl_typesupport_fastrtps_c__pyext
[3.779s] Invoked command in '/home/xmj/xiaomi_ws/build/xiaomi_interfaces' returned '0': CMAKE_PREFIX_PATH=/opt/ros/humble /usr/bin/cmake --build /home/xmj/xiaomi_ws/build/xiaomi_interfaces -- -j8 -l8
[3.837s] Invoking command in '/home/xmj/xiaomi_ws/build/xiaomi_interfaces': CMAKE_PREFIX_PATH=/opt/ros/humble /usr/bin/cmake --install /home/xmj/xiaomi_ws/build/xiaomi_interfaces
[3.845s] -- Install configuration: ""
[3.845s] -- Installing: /home/xmj/xiaomi_ws/install/xiaomi_interfaces/share/ament_index/resource_index/rosidl_interfaces/xiaomi_interfaces
[3.845s] -- Installing: /home/xmj/xiaomi_ws/install/xiaomi_interfaces/include/xiaomi_interfaces/xiaomi_interfaces
[3.845s] -- Installing: /home/xmj/xiaomi_ws/install/xiaomi_interfaces/include/xiaomi_interfaces/xiaomi_interfaces/msg
[3.845s] -- Installing: /home/xmj/xiaomi_ws/install/xiaomi_interfaces/include/xiaomi_interfaces/xiaomi_interfaces/msg/rosidl_generator_c__visibility_control.h
[3.845s] -- Installing: /home/xmj/xiaomi_ws/install/xiaomi_interfaces/include/xiaomi_interfaces/xiaomi_interfaces/msg/detail
[3.845s] -- Installing: /home/xmj/xiaomi_ws/install/xiaomi_interfaces/include/xiaomi_interfaces/xiaomi_interfaces/msg/detail/xiaomi__functions.h
[3.845s] -- Installing: /home/xmj/xiaomi_ws/install/xiaomi_interfaces/include/xiaomi_interfaces/xiaomi_interfaces/msg/detail/xiaomi__type_support.h
[3.845s] -- Installing: /home/xmj/xiaomi_ws/install/xiaomi_interfaces/include/xiaomi_interfaces/xiaomi_interfaces/msg/detail/xiaomi__functions.c
[3.845s] -- Installing: /home/xmj/xiaomi_ws/install/xiaomi_interfaces/include/xiaomi_interfaces/xiaomi_interfaces/msg/detail/xiaomi__struct.h
[3.846s] -- Installing: /home/xmj/xiaomi_ws/install/xiaomi_interfaces/include/xiaomi_interfaces/xiaomi_interfaces/msg/xiaomi.h
[3.846s] -- Installing: /home/xmj/xiaomi_ws/install/xiaomi_interfaces/share/xiaomi_interfaces/environment/library_path.sh
[3.846s] -- Installing: /home/xmj/xiaomi_ws/install/xiaomi_interfaces/share/xiaomi_interfaces/environment/library_path.dsv
[3.846s] -- Installing: /home/xmj/xiaomi_ws/install/xiaomi_interfaces/lib/libxiaomi_interfaces__rosidl_generator_c.so
[3.847s] -- Set runtime path of "/home/xmj/xiaomi_ws/install/xiaomi_interfaces/lib/libxiaomi_interfaces__rosidl_generator_c.so" to ""
[3.847s] -- Up-to-date: /home/xmj/xiaomi_ws/install/xiaomi_interfaces/include/xiaomi_interfaces/xiaomi_interfaces
[3.847s] -- Up-to-date: /home/xmj/xiaomi_ws/install/xiaomi_interfaces/include/xiaomi_interfaces/xiaomi_interfaces/msg
[3.847s] -- Installing: /home/xmj/xiaomi_ws/install/xiaomi_interfaces/include/xiaomi_interfaces/xiaomi_interfaces/msg/rosidl_typesupport_fastrtps_c__visibility_control.h
[3.847s] -- Up-to-date: /home/xmj/xiaomi_ws/install/xiaomi_interfaces/include/xiaomi_interfaces/xiaomi_interfaces/msg/detail
[3.847s] -- Installing: /home/xmj/xiaomi_ws/install/xiaomi_interfaces/include/xiaomi_interfaces/xiaomi_interfaces/msg/detail/xiaomi__rosidl_typesupport_fastrtps_c.h
[3.847s] -- Installing: /home/xmj/xiaomi_ws/install/xiaomi_interfaces/lib/libxiaomi_interfaces__rosidl_typesupport_fastrtps_c.so
[3.848s] -- Set runtime path of "/home/xmj/xiaomi_ws/install/xiaomi_interfaces/lib/libxiaomi_interfaces__rosidl_typesupport_fastrtps_c.so" to ""
[3.848s] -- Up-to-date: /home/xmj/xiaomi_ws/install/xiaomi_interfaces/include/xiaomi_interfaces/xiaomi_interfaces
[3.848s] -- Up-to-date: /home/xmj/xiaomi_ws/install/xiaomi_interfaces/include/xiaomi_interfaces/xiaomi_interfaces/msg
[3.848s] -- Installing: /home/xmj/xiaomi_ws/install/xiaomi_interfaces/include/xiaomi_interfaces/xiaomi_interfaces/msg/rosidl_typesupport_introspection_c__visibility_control.h
[3.848s] -- Up-to-date: /home/xmj/xiaomi_ws/install/xiaomi_interfaces/include/xiaomi_interfaces/xiaomi_interfaces/msg/detail
[3.848s] -- Installing: /home/xmj/xiaomi_ws/install/xiaomi_interfaces/include/xiaomi_interfaces/xiaomi_interfaces/msg/detail/xiaomi__rosidl_typesupport_introspection_c.h
[3.848s] -- Installing: /home/xmj/xiaomi_ws/install/xiaomi_interfaces/include/xiaomi_interfaces/xiaomi_interfaces/msg/detail/xiaomi__type_support.c
[3.848s] -- Installing: /home/xmj/xiaomi_ws/install/xiaomi_interfaces/lib/libxiaomi_interfaces__rosidl_typesupport_introspection_c.so
[3.849s] -- Set runtime path of "/home/xmj/xiaomi_ws/install/xiaomi_interfaces/lib/libxiaomi_interfaces__rosidl_typesupport_introspection_c.so" to ""
[3.849s] -- Installing: /home/xmj/xiaomi_ws/install/xiaomi_interfaces/lib/libxiaomi_interfaces__rosidl_typesupport_c.so
[3.849s] -- Set runtime path of "/home/xmj/xiaomi_ws/install/xiaomi_interfaces/lib/libxiaomi_interfaces__rosidl_typesupport_c.so" to ""
[3.849s] -- Up-to-date: /home/xmj/xiaomi_ws/install/xiaomi_interfaces/include/xiaomi_interfaces/xiaomi_interfaces
[3.850s] -- Up-to-date: /home/xmj/xiaomi_ws/install/xiaomi_interfaces/include/xiaomi_interfaces/xiaomi_interfaces/msg
[3.850s] -- Installing: /home/xmj/xiaomi_ws/install/xiaomi_interfaces/include/xiaomi_interfaces/xiaomi_interfaces/msg/xiaomi.hpp
[3.850s] -- Up-to-date: /home/xmj/xiaomi_ws/install/xiaomi_interfaces/include/xiaomi_interfaces/xiaomi_interfaces/msg/detail
[3.850s] -- Installing: /home/xmj/xiaomi_ws/install/xiaomi_interfaces/include/xiaomi_interfaces/xiaomi_interfaces/msg/detail/xiaomi__struct.hpp
[3.850s] -- Installing: /home/xmj/xiaomi_ws/install/xiaomi_interfaces/include/xiaomi_interfaces/xiaomi_interfaces/msg/detail/xiaomi__traits.hpp
[3.850s] -- Installing: /home/xmj/xiaomi_ws/install/xiaomi_interfaces/include/xiaomi_interfaces/xiaomi_interfaces/msg/detail/xiaomi__builder.hpp
[3.850s] -- Up-to-date: /home/xmj/xiaomi_ws/install/xiaomi_interfaces/include/xiaomi_interfaces/xiaomi_interfaces
[3.850s] -- Up-to-date: /home/xmj/xiaomi_ws/install/xiaomi_interfaces/include/xiaomi_interfaces/xiaomi_interfaces/msg
[3.850s] -- Installing: /home/xmj/xiaomi_ws/install/xiaomi_interfaces/include/xiaomi_interfaces/xiaomi_interfaces/msg/rosidl_typesupport_fastrtps_cpp__visibility_control.h
[3.851s] -- Up-to-date: /home/xmj/xiaomi_ws/install/xiaomi_interfaces/include/xiaomi_interfaces/xiaomi_interfaces/msg/detail
[3.851s] -- Installing: /home/xmj/xiaomi_ws/install/xiaomi_interfaces/include/xiaomi_interfaces/xiaomi_interfaces/msg/detail/xiaomi__rosidl_typesupport_fastrtps_cpp.hpp
[3.851s] -- Installing: /home/xmj/xiaomi_ws/install/xiaomi_interfaces/include/xiaomi_interfaces/xiaomi_interfaces/msg/detail/dds_fastrtps
[3.851s] -- Installing: /home/xmj/xiaomi_ws/install/xiaomi_interfaces/lib/libxiaomi_interfaces__rosidl_typesupport_fastrtps_cpp.so
[3.852s] -- Set runtime path of "/home/xmj/xiaomi_ws/install/xiaomi_interfaces/lib/libxiaomi_interfaces__rosidl_typesupport_fastrtps_cpp.so" to ""
[3.852s] -- Up-to-date: /home/xmj/xiaomi_ws/install/xiaomi_interfaces/include/xiaomi_interfaces/xiaomi_interfaces
[3.852s] -- Up-to-date: /home/xmj/xiaomi_ws/install/xiaomi_interfaces/include/xiaomi_interfaces/xiaomi_interfaces/msg
[3.852s] -- Up-to-date: /home/xmj/xiaomi_ws/install/xiaomi_interfaces/include/xiaomi_interfaces/xiaomi_interfaces/msg/detail
[3.852s] -- Installing: /home/xmj/xiaomi_ws/install/xiaomi_interfaces/include/xiaomi_interfaces/xiaomi_interfaces/msg/detail/xiaomi__rosidl_typesupport_introspection_cpp.hpp
[3.852s] -- Installing: /home/xmj/xiaomi_ws/install/xiaomi_interfaces/include/xiaomi_interfaces/xiaomi_interfaces/msg/detail/xiaomi__type_support.cpp
[3.852s] -- Installing: /home/xmj/xiaomi_ws/install/xiaomi_interfaces/lib/libxiaomi_interfaces__rosidl_typesupport_introspection_cpp.so
[3.852s] -- Set runtime path of "/home/xmj/xiaomi_ws/install/xiaomi_interfaces/lib/libxiaomi_interfaces__rosidl_typesupport_introspection_cpp.so" to ""
[3.852s] -- Installing: /home/xmj/xiaomi_ws/install/xiaomi_interfaces/lib/libxiaomi_interfaces__rosidl_typesupport_cpp.so
[3.853s] -- Set runtime path of "/home/xmj/xiaomi_ws/install/xiaomi_interfaces/lib/libxiaomi_interfaces__rosidl_typesupport_cpp.so" to ""
[3.853s] -- Installing: /home/xmj/xiaomi_ws/install/xiaomi_interfaces/share/xiaomi_interfaces/environment/pythonpath.sh
[3.853s] -- Installing: /home/xmj/xiaomi_ws/install/xiaomi_interfaces/share/xiaomi_interfaces/environment/pythonpath.dsv
[3.853s] -- Installing: /home/xmj/xiaomi_ws/install/xiaomi_interfaces/local/lib/python3.10/dist-packages/xiaomi_interfaces-0.0.0-py3.10.egg-info
[3.853s] -- Installing: /home/xmj/xiaomi_ws/install/xiaomi_interfaces/local/lib/python3.10/dist-packages/xiaomi_interfaces-0.0.0-py3.10.egg-info/SOURCES.txt
[3.853s] -- Installing: /home/xmj/xiaomi_ws/install/xiaomi_interfaces/local/lib/python3.10/dist-packages/xiaomi_interfaces-0.0.0-py3.10.egg-info/PKG-INFO
[3.853s] -- Installing: /home/xmj/xiaomi_ws/install/xiaomi_interfaces/local/lib/python3.10/dist-packages/xiaomi_interfaces-0.0.0-py3.10.egg-info/dependency_links.txt
[3.854s] -- Installing: /home/xmj/xiaomi_ws/install/xiaomi_interfaces/local/lib/python3.10/dist-packages/xiaomi_interfaces-0.0.0-py3.10.egg-info/top_level.txt
[3.854s] -- Installing: /home/xmj/xiaomi_ws/install/xiaomi_interfaces/local/lib/python3.10/dist-packages/xiaomi_interfaces
[3.854s] -- Installing: /home/xmj/xiaomi_ws/install/xiaomi_interfaces/local/lib/python3.10/dist-packages/xiaomi_interfaces/_xiaomi_interfaces_s.ep.rosidl_typesupport_introspection_c.c
[3.854s] -- Installing: /home/xmj/xiaomi_ws/install/xiaomi_interfaces/local/lib/python3.10/dist-packages/xiaomi_interfaces/__init__.py
[3.854s] -- Installing: /home/xmj/xiaomi_ws/install/xiaomi_interfaces/local/lib/python3.10/dist-packages/xiaomi_interfaces/xiaomi_interfaces_s__rosidl_typesupport_fastrtps_c.cpython-310-x86_64-linux-gnu.so
[3.854s] -- Installing: /home/xmj/xiaomi_ws/install/xiaomi_interfaces/local/lib/python3.10/dist-packages/xiaomi_interfaces/_xiaomi_interfaces_s.ep.rosidl_typesupport_c.c
[3.854s] -- Installing: /home/xmj/xiaomi_ws/install/xiaomi_interfaces/local/lib/python3.10/dist-packages/xiaomi_interfaces/xiaomi_interfaces_s__rosidl_typesupport_c.cpython-310-x86_64-linux-gnu.so
[3.854s] -- Installing: /home/xmj/xiaomi_ws/install/xiaomi_interfaces/local/lib/python3.10/dist-packages/xiaomi_interfaces/xiaomi_interfaces_s__rosidl_typesupport_introspection_c.cpython-310-x86_64-linux-gnu.so
[3.854s] -- Installing: /home/xmj/xiaomi_ws/install/xiaomi_interfaces/local/lib/python3.10/dist-packages/xiaomi_interfaces/msg
[3.854s] -- Installing: /home/xmj/xiaomi_ws/install/xiaomi_interfaces/local/lib/python3.10/dist-packages/xiaomi_interfaces/msg/_xiaomi_s.c
[3.855s] -- Installing: /home/xmj/xiaomi_ws/install/xiaomi_interfaces/local/lib/python3.10/dist-packages/xiaomi_interfaces/msg/__init__.py
[3.855s] -- Installing: /home/xmj/xiaomi_ws/install/xiaomi_interfaces/local/lib/python3.10/dist-packages/xiaomi_interfaces/msg/_xiaomi.py
[3.855s] -- Installing: /home/xmj/xiaomi_ws/install/xiaomi_interfaces/local/lib/python3.10/dist-packages/xiaomi_interfaces/_xiaomi_interfaces_s.ep.rosidl_typesupport_fastrtps_c.c
[3.855s] -- Installing: /home/xmj/xiaomi_ws/install/xiaomi_interfaces/local/lib/python3.10/dist-packages/xiaomi_interfaces/libxiaomi_interfaces__rosidl_generator_py.so
[3.883s] Listing '/home/xmj/xiaomi_ws/install/xiaomi_interfaces/local/lib/python3.10/dist-packages/xiaomi_interfaces'...
[3.883s] Compiling '/home/xmj/xiaomi_ws/install/xiaomi_interfaces/local/lib/python3.10/dist-packages/xiaomi_interfaces/__init__.py'...
[3.883s] Listing '/home/xmj/xiaomi_ws/install/xiaomi_interfaces/local/lib/python3.10/dist-packages/xiaomi_interfaces/msg'...
[3.883s] Compiling '/home/xmj/xiaomi_ws/install/xiaomi_interfaces/local/lib/python3.10/dist-packages/xiaomi_interfaces/msg/__init__.py'...
[3.883s] Compiling '/home/xmj/xiaomi_ws/install/xiaomi_interfaces/local/lib/python3.10/dist-packages/xiaomi_interfaces/msg/_xiaomi.py'...
[3.887s] -- Installing: /home/xmj/xiaomi_ws/install/xiaomi_interfaces/local/lib/python3.10/dist-packages/xiaomi_interfaces/xiaomi_interfaces_s__rosidl_typesupport_fastrtps_c.cpython-310-x86_64-linux-gnu.so
[3.887s] -- Set runtime path of "/home/xmj/xiaomi_ws/install/xiaomi_interfaces/local/lib/python3.10/dist-packages/xiaomi_interfaces/xiaomi_interfaces_s__rosidl_typesupport_fastrtps_c.cpython-310-x86_64-linux-gnu.so" to ""
[3.887s] -- Installing: /home/xmj/xiaomi_ws/install/xiaomi_interfaces/local/lib/python3.10/dist-packages/xiaomi_interfaces/xiaomi_interfaces_s__rosidl_typesupport_introspection_c.cpython-310-x86_64-linux-gnu.so
[3.888s] -- Set runtime path of "/home/xmj/xiaomi_ws/install/xiaomi_interfaces/local/lib/python3.10/dist-packages/xiaomi_interfaces/xiaomi_interfaces_s__rosidl_typesupport_introspection_c.cpython-310-x86_64-linux-gnu.so" to ""
[3.888s] -- Installing: /home/xmj/xiaomi_ws/install/xiaomi_interfaces/local/lib/python3.10/dist-packages/xiaomi_interfaces/xiaomi_interfaces_s__rosidl_typesupport_c.cpython-310-x86_64-linux-gnu.so
[3.888s] -- Set runtime path of "/home/xmj/xiaomi_ws/install/xiaomi_interfaces/local/lib/python3.10/dist-packages/xiaomi_interfaces/xiaomi_interfaces_s__rosidl_typesupport_c.cpython-310-x86_64-linux-gnu.so" to ""
[3.888s] -- Installing: /home/xmj/xiaomi_ws/install/xiaomi_interfaces/lib/libxiaomi_interfaces__rosidl_generator_py.so
[3.888s] -- Set runtime path of "/home/xmj/xiaomi_ws/install/xiaomi_interfaces/lib/libxiaomi_interfaces__rosidl_generator_py.so" to ""
[3.888s] -- Installing: /home/xmj/xiaomi_ws/install/xiaomi_interfaces/share/xiaomi_interfaces/msg/Xiaomi.idl
[3.888s] -- Installing: /home/xmj/xiaomi_ws/install/xiaomi_interfaces/share/xiaomi_interfaces/msg/Xiaomi.msg
[3.889s] -- Installing: /home/xmj/xiaomi_ws/install/xiaomi_interfaces/share/ament_index/resource_index/package_run_dependencies/xiaomi_interfaces
[3.889s] -- Installing: /home/xmj/xiaomi_ws/install/xiaomi_interfaces/share/ament_index/resource_index/parent_prefix_path/xiaomi_interfaces
[3.889s] -- Installing: /home/xmj/xiaomi_ws/install/xiaomi_interfaces/share/xiaomi_interfaces/environment/ament_prefix_path.sh
[3.889s] -- Installing: /home/xmj/xiaomi_ws/install/xiaomi_interfaces/share/xiaomi_interfaces/environment/ament_prefix_path.dsv
[3.889s] -- Installing: /home/xmj/xiaomi_ws/install/xiaomi_interfaces/share/xiaomi_interfaces/environment/path.sh
[3.889s] -- Installing: /home/xmj/xiaomi_ws/install/xiaomi_interfaces/share/xiaomi_interfaces/environment/path.dsv
[3.889s] -- Installing: /home/xmj/xiaomi_ws/install/xiaomi_interfaces/share/xiaomi_interfaces/local_setup.bash
[3.889s] -- Installing: /home/xmj/xiaomi_ws/install/xiaomi_interfaces/share/xiaomi_interfaces/local_setup.sh
[3.889s] -- Installing: /home/xmj/xiaomi_ws/install/xiaomi_interfaces/share/xiaomi_interfaces/local_setup.zsh
[3.889s] -- Installing: /home/xmj/xiaomi_ws/install/xiaomi_interfaces/share/xiaomi_interfaces/local_setup.dsv
[3.890s] -- Installing: /home/xmj/xiaomi_ws/install/xiaomi_interfaces/share/xiaomi_interfaces/package.dsv
[3.890s] -- Installing: /home/xmj/xiaomi_ws/install/xiaomi_interfaces/share/ament_index/resource_index/packages/xiaomi_interfaces
[3.890s] -- Installing: /home/xmj/xiaomi_ws/install/xiaomi_interfaces/share/xiaomi_interfaces/cmake/export_xiaomi_interfaces__rosidl_generator_cExport.cmake
[3.890s] -- Installing: /home/xmj/xiaomi_ws/install/xiaomi_interfaces/share/xiaomi_interfaces/cmake/export_xiaomi_interfaces__rosidl_generator_cExport-noconfig.cmake
[3.890s] -- Installing: /home/xmj/xiaomi_ws/install/xiaomi_interfaces/share/xiaomi_interfaces/cmake/export_xiaomi_interfaces__rosidl_typesupport_fastrtps_cExport.cmake
[3.890s] -- Installing: /home/xmj/xiaomi_ws/install/xiaomi_interfaces/share/xiaomi_interfaces/cmake/export_xiaomi_interfaces__rosidl_typesupport_fastrtps_cExport-noconfig.cmake
[3.890s] -- Installing: /home/xmj/xiaomi_ws/install/xiaomi_interfaces/share/xiaomi_interfaces/cmake/xiaomi_interfaces__rosidl_typesupport_introspection_cExport.cmake
[3.890s] -- Installing: /home/xmj/xiaomi_ws/install/xiaomi_interfaces/share/xiaomi_interfaces/cmake/xiaomi_interfaces__rosidl_typesupport_introspection_cExport-noconfig.cmake
[3.890s] -- Installing: /home/xmj/xiaomi_ws/install/xiaomi_interfaces/share/xiaomi_interfaces/cmake/xiaomi_interfaces__rosidl_typesupport_cExport.cmake
[3.890s] -- Installing: /home/xmj/xiaomi_ws/install/xiaomi_interfaces/share/xiaomi_interfaces/cmake/xiaomi_interfaces__rosidl_typesupport_cExport-noconfig.cmake
[3.890s] -- Installing: /home/xmj/xiaomi_ws/install/xiaomi_interfaces/share/xiaomi_interfaces/cmake/export_xiaomi_interfaces__rosidl_generator_cppExport.cmake
[3.891s] -- Installing: /home/xmj/xiaomi_ws/install/xiaomi_interfaces/share/xiaomi_interfaces/cmake/export_xiaomi_interfaces__rosidl_typesupport_fastrtps_cppExport.cmake
[3.891s] -- Installing: /home/xmj/xiaomi_ws/install/xiaomi_interfaces/share/xiaomi_interfaces/cmake/export_xiaomi_interfaces__rosidl_typesupport_fastrtps_cppExport-noconfig.cmake
[3.891s] -- Installing: /home/xmj/xiaomi_ws/install/xiaomi_interfaces/share/xiaomi_interfaces/cmake/xiaomi_interfaces__rosidl_typesupport_introspection_cppExport.cmake
[3.891s] -- Installing: /home/xmj/xiaomi_ws/install/xiaomi_interfaces/share/xiaomi_interfaces/cmake/xiaomi_interfaces__rosidl_typesupport_introspection_cppExport-noconfig.cmake
[3.891s] -- Installing: /home/xmj/xiaomi_ws/install/xiaomi_interfaces/share/xiaomi_interfaces/cmake/xiaomi_interfaces__rosidl_typesupport_cppExport.cmake
[3.891s] -- Installing: /home/xmj/xiaomi_ws/install/xiaomi_interfaces/share/xiaomi_interfaces/cmake/xiaomi_interfaces__rosidl_typesupport_cppExport-noconfig.cmake
[3.891s] -- Installing: /home/xmj/xiaomi_ws/install/xiaomi_interfaces/share/xiaomi_interfaces/cmake/export_xiaomi_interfaces__rosidl_generator_pyExport.cmake
[3.891s] -- Installing: /home/xmj/xiaomi_ws/install/xiaomi_interfaces/share/xiaomi_interfaces/cmake/export_xiaomi_interfaces__rosidl_generator_pyExport-noconfig.cmake
[3.891s] -- Installing: /home/xmj/xiaomi_ws/install/xiaomi_interfaces/share/xiaomi_interfaces/cmake/rosidl_cmake-extras.cmake
[3.891s] -- Installing: /home/xmj/xiaomi_ws/install/xiaomi_interfaces/share/xiaomi_interfaces/cmake/ament_cmake_export_include_directories-extras.cmake
[3.891s] -- Installing: /home/xmj/xiaomi_ws/install/xiaomi_interfaces/share/xiaomi_interfaces/cmake/ament_cmake_export_libraries-extras.cmake
[3.892s] -- Installing: /home/xmj/xiaomi_ws/install/xiaomi_interfaces/share/xiaomi_interfaces/cmake/ament_cmake_export_targets-extras.cmake
[3.892s] -- Installing: /home/xmj/xiaomi_ws/install/xiaomi_interfaces/share/xiaomi_interfaces/cmake/rosidl_cmake_export_typesupport_targets-extras.cmake
[3.892s] -- Installing: /home/xmj/xiaomi_ws/install/xiaomi_interfaces/share/xiaomi_interfaces/cmake/ament_cmake_export_dependencies-extras.cmake
[3.892s] -- Installing: /home/xmj/xiaomi_ws/install/xiaomi_interfaces/share/xiaomi_interfaces/cmake/rosidl_cmake_export_typesupport_libraries-extras.cmake
[3.892s] -- Installing: /home/xmj/xiaomi_ws/install/xiaomi_interfaces/share/xiaomi_interfaces/cmake/xiaomi_interfacesConfig.cmake
[3.892s] -- Installing: /home/xmj/xiaomi_ws/install/xiaomi_interfaces/share/xiaomi_interfaces/cmake/xiaomi_interfacesConfig-version.cmake
[3.892s] -- Installing: /home/xmj/xiaomi_ws/install/xiaomi_interfaces/share/xiaomi_interfaces/package.xml
[3.894s] Invoked command in '/home/xmj/xiaomi_ws/build/xiaomi_interfaces' returned '0': CMAKE_PREFIX_PATH=/opt/ros/humble /usr/bin/cmake --install /home/xmj/xiaomi_ws/build/xiaomi_interfaces
